#
# A fatal error has been detected by the Java Runtime Environment:
#
#  Internal Error (javaCalls.cpp:51), pid=14780, tid=0x0000000000000a6c
#  guarantee(thread->is_Java_thread()) failed: crucial check - the VM thread cannot and must not escape to Java code
#
# JRE version: Java(TM) SE Runtime Environment (8.0_271-b09) (build 1.8.0_271-b09)
# Java VM: Java HotSpot(TM) 64-Bit Server VM (25.271-b09 mixed mode windows-amd64 compressed oops)
# Failed to write core dump. Minidumps are not enabled by default on client versions of Windows
#
# If you would like to submit a bug report, please visit:
#   http://bugreport.java.com/bugreport/crash.jsp
#

---------------  T H R E A D  ---------------

Current thread (0x0000020a7d622000):  VMThread [stack: 0x000000ffc9000000,0x000000ffc9100000] [id=2668]

Stack: [0x000000ffc9000000,0x000000ffc9100000]
Native frames: (J=compiled Java code, j=interpreted, Vv=VM code, C=native code)
V  [jvm.dll+0x33f6c9]
V  [jvm.dll+0x286122]
V  [jvm.dll+0x286dcd]
V  [jvm.dll+0x27d787]
V  [jvm.dll+0x21b9fd]
V  [jvm.dll+0x21c047]
V  [jvm.dll+0x33f5e2]
V  [jvm.dll+0x21c671]
V  [jvm.dll+0x27e9d5]
V  [jvm.dll+0x27ec1d]
V  [jvm.dll+0x27ed69]
V  [jvm.dll+0x11b2e8]
V  [jvm.dll+0x116e74]
V  [jvm.dll+0x118d6b]
V  [jvm.dll+0x11957e]
V  [jvm.dll+0x116bea]
V  [jvm.dll+0x115d7a]
V  [jvm.dll+0xdd69b]
V  [jvm.dll+0xde244]
V  [jvm.dll+0x122b84]
V  [jvm.dll+0x145e40]
V  [jvm.dll+0x1c9df1]
V  [jvm.dll+0x256557]
V  [jvm.dll+0x254cc5]
V  [jvm.dll+0x25543c]
V  [jvm.dll+0x25574c]
V  [jvm.dll+0x2a2dcc]
C  [ucrtbase.dll+0x210b2]
C  [KERNEL32.DLL+0x17c24]
C  [ntdll.dll+0x6d4d1]

VM_Operation (0x000000ffc95ff410): GetOrSetLocal, mode: safepoint, requested by thread 0x0000020a7d6a3800


---------------  P R O C E S S  ---------------

Java Threads: ( => current thread )
  0x0000020a060fc000 JavaThread "Thread-14788" [_thread_blocked, id=19188, stack(0x000000ffc9f00000,0x000000ffca000000)]
  0x0000020a060fb800 JavaThread "Thread-14608" [_thread_blocked, id=21312, stack(0x000000ffc8900000,0x000000ffc8a00000)]
  0x0000020a060fa800 JavaThread "Thread-14464" [_thread_blocked, id=25468, stack(0x000000ffca200000,0x000000ffca300000)]
  0x0000020a0be73800 JavaThread "Thread-6493" daemon [_thread_in_native, id=16984, stack(0x000000ffca100000,0x000000ffca200000)]
  0x0000020a0be6f000 JavaThread "Thread-5609" [_thread_blocked, id=15820, stack(0x000000ffc8800000,0x000000ffc8900000)]
  0x0000020a0be71000 JavaThread "Thread-5249" [_thread_blocked, id=24240, stack(0x000000ffc8700000,0x000000ffc8800000)]
  0x0000020a0594a000 JavaThread "Thread-0" [_thread_blocked, id=17004, stack(0x000000ffc9d00000,0x000000ffc9e00000)]
  0x0000020a7ec14000 JavaThread "Service Thread" daemon [_thread_blocked, id=12312, stack(0x000000ffc9b00000,0x000000ffc9c00000)]
  0x0000020a7eb7c000 JavaThread "C1 CompilerThread2" daemon [_thread_blocked, id=21656, stack(0x000000ffc9a00000,0x000000ffc9b00000)]
  0x0000020a7eb79000 JavaThread "C2 CompilerThread1" daemon [_thread_blocked, id=25344, stack(0x000000ffc9900000,0x000000ffc9a00000)]
  0x0000020a7eb78800 JavaThread "C2 CompilerThread0" daemon [_thread_blocked, id=24068, stack(0x000000ffc9800000,0x000000ffc9900000)]
  0x0000020a7d6a9000 JavaThread "JDWP Command Reader" daemon [_thread_in_native, id=16920, stack(0x000000ffc9700000,0x000000ffc9800000)]
  0x0000020a7d6a5000 JavaThread "JDWP Event Helper Thread" daemon [_thread_blocked, id=17568, stack(0x000000ffc9600000,0x000000ffc9700000)]
  0x0000020a7d6a3800 JavaThread "JDWP Transport Listener: dt_socket" daemon [_thread_blocked, id=24288, stack(0x000000ffc9500000,0x000000ffc9600000)]
  0x0000020a7d67e800 JavaThread "Attach Listener" daemon [_thread_blocked, id=24616, stack(0x000000ffc9400000,0x000000ffc9500000)]
  0x0000020a7d686800 JavaThread "Signal Dispatcher" daemon [_thread_blocked, id=23520, stack(0x000000ffc9300000,0x000000ffc9400000)]
  0x0000020a7d656800 JavaThread "Finalizer" daemon [_thread_blocked, id=10452, stack(0x000000ffc9200000,0x000000ffc9300000)]
  0x0000020a7d629800 JavaThread "Reference Handler" daemon [_thread_blocked, id=25272, stack(0x000000ffc9100000,0x000000ffc9200000)]
  0x0000020a6b0e3000 JavaThread "main" [_thread_blocked, id=24228, stack(0x000000ffc8b00000,0x000000ffc8c00000)]

Other Threads:
=>0x0000020a7d622000 VMThread [stack: 0x000000ffc9000000,0x000000ffc9100000] [id=2668]
  0x0000020a7ecb8000 WatcherThread [stack: 0x000000ffc9c00000,0x000000ffc9d00000] [id=18016]

VM state:at safepoint (normal execution)

VM Mutex/Monitor currently owned by a thread:  ([mutex/lock_event])
[0x0000020a6b0e1830] Threads_lock - owner thread: 0x0000020a7d622000

heap address: 0x0000000081800000, size: 2024 MB, Compressed Oops mode: 32-bit
Narrow klass base: 0x0000000000000000, Narrow klass shift: 3
Compressed class space size: 1073741824 Address: 0x0000000100000000

Heap:
 PSYoungGen      total 20480K, used 6712K [0x00000000d5d80000, 0x00000000d7480000, 0x0000000100000000)
  eden space 17408K, 38% used [0x00000000d5d80000,0x00000000d640e1b8,0x00000000d6e80000)
  from space 3072K, 0% used [0x00000000d7180000,0x00000000d7180000,0x00000000d7480000)
  to   space 3072K, 0% used [0x00000000d6e80000,0x00000000d6e80000,0x00000000d7180000)
 ParOldGen       total 41984K, used 24935K [0x0000000081800000, 0x0000000084100000, 0x00000000d5d80000)
  object space 41984K, 59% used [0x0000000081800000,0x0000000083059ed8,0x0000000084100000)
 Metaspace       used 27661K, capacity 27970K, committed 28160K, reserved 1075200K
  class space    used 2931K, capacity 3053K, committed 3072K, reserved 1048576K

Card table byte_map: [0x0000020a7bf70000,0x0000020a7c370000] byte_map_base: 0x0000020a7bb64000

Marking Bits: (ParMarkBitMap*) 0x000000005d7c7fe0
 Begin Bits: [0x0000020a00000000, 0x0000020a01fa0000)
 End Bits:   [0x0000020a01fa0000, 0x0000020a03f40000)

Polling page: 0x0000020a6b2d0000

CodeCache: size=245760Kb used=29169Kb max_used=29265Kb free=216590Kb
 bounds [0x0000020a6cbb0000, 0x0000020a6e910000, 0x0000020a7bbb0000]
 total_blobs=7039 nmethods=6557 adapters=400
 compilation: enabled

Compilation events (10 events):
Event: 36653.716 Thread 0x0000020a7eb7c000 9275       3       com.betfair.aping.InicioJob::calcularTempoEntrada (194 bytes)
Event: 36653.725 Thread 0x0000020a7eb7c000 nmethod 9275 0x0000020a6e7b08d0 code [0x0000020a6e7b0fa0, 0x0000020a6e7b5a60]
Event: 36735.607 Thread 0x0000020a7eb7c000 9276       3       java.lang.AbstractStringBuilder::appendNull (56 bytes)
Event: 36735.607 Thread 0x0000020a7eb7c000 nmethod 9276 0x0000020a6d045250 code [0x0000020a6d045400, 0x0000020a6d0459c0]
Event: 36837.479 Thread 0x0000020a7eb7c000 9277 % !   3       com.betfair.aping.InicioJob::cadastrarCorridaWin @ 501 (1735 bytes)
Event: 36837.507 Thread 0x0000020a7eb7c000 nmethod 9277% 0x0000020a6e8a1a10 code [0x0000020a6e8a2e60, 0x0000020a6e8c29d0]
Event: 36869.081 Thread 0x0000020a7eb7c000 9278 % !   3       com.betfair.aping.InicioJob::cadastrarCorridaWin @ 501 (1735 bytes)
Event: 36869.104 Thread 0x0000020a7eb7c000 nmethod 9278% 0x0000020a6e8d18d0 code [0x0000020a6e8d2d20, 0x0000020a6e8f2890]
Event: 36870.218 Thread 0x0000020a7eb78800 9279       4       java.lang.AbstractStringBuilder::append (39 bytes)
Event: 36870.227 Thread 0x0000020a7eb78800 nmethod 9279 0x0000020a6da75bd0 code [0x0000020a6da75d20, 0x0000020a6da76158]

GC Heap History (10 events):
Event: 36967.629 GC heap before
{Heap before GC invocations=22860 (full 943):
 PSYoungGen      total 20480K, used 19904K [0x00000000d5d80000, 0x00000000d7480000, 0x0000000100000000)
  eden space 17408K, 100% used [0x00000000d5d80000,0x00000000d6e80000,0x00000000d6e80000)
  from space 3072K, 81% used [0x00000000d7180000,0x00000000d73f00e0,0x00000000d7480000)
  to   space 3072K, 0% used [0x00000000d6e80000,0x00000000d6e80000,0x00000000d7180000)
 ParOldGen       total 40960K, used 36806K [0x0000000081800000, 0x0000000084000000, 0x00000000d5d80000)
  object space 40960K, 89% used [0x0000000081800000,0x0000000083bf1a10,0x0000000084000000)
 Metaspace       used 27660K, capacity 27970K, committed 28160K, reserved 1075200K
  class space    used 2931K, capacity 3053K, committed 3072K, reserved 1048576K
Event: 36967.632 GC heap after
Heap after GC invocations=22860 (full 943):
 PSYoungGen      total 20480K, used 2208K [0x00000000d5d80000, 0x00000000d7480000, 0x0000000100000000)
  eden space 17408K, 0% used [0x00000000d5d80000,0x00000000d5d80000,0x00000000d6e80000)
  from space 3072K, 71% used [0x00000000d6e80000,0x00000000d70a80c0,0x00000000d7180000)
  to   space 3072K, 0% used [0x00000000d7180000,0x00000000d7180000,0x00000000d7480000)
 ParOldGen       total 40960K, used 37466K [0x0000000081800000, 0x0000000084000000, 0x00000000d5d80000)
  object space 40960K, 91% used [0x0000000081800000,0x0000000083c96ac0,0x0000000084000000)
 Metaspace       used 27660K, capacity 27970K, committed 28160K, reserved 1075200K
  class space    used 2931K, capacity 3053K, committed 3072K, reserved 1048576K
}
Event: 36969.315 GC heap before
{Heap before GC invocations=22861 (full 943):
 PSYoungGen      total 20480K, used 19616K [0x00000000d5d80000, 0x00000000d7480000, 0x0000000100000000)
  eden space 17408K, 100% used [0x00000000d5d80000,0x00000000d6e80000,0x00000000d6e80000)
  from space 3072K, 71% used [0x00000000d6e80000,0x00000000d70a80c0,0x00000000d7180000)
  to   space 3072K, 0% used [0x00000000d7180000,0x00000000d7180000,0x00000000d7480000)
 ParOldGen       total 40960K, used 37466K [0x0000000081800000, 0x0000000084000000, 0x00000000d5d80000)
  object space 40960K, 91% used [0x0000000081800000,0x0000000083c96ac0,0x0000000084000000)
 Metaspace       used 27660K, capacity 27970K, committed 28160K, reserved 1075200K
  class space    used 2931K, capacity 3053K, committed 3072K, reserved 1048576K
Event: 36969.324 GC heap after
Heap after GC invocations=22861 (full 943):
 PSYoungGen      total 20480K, used 2816K [0x00000000d5d80000, 0x00000000d7480000, 0x0000000100000000)
  eden space 17408K, 0% used [0x00000000d5d80000,0x00000000d5d80000,0x00000000d6e80000)
  from space 3072K, 91% used [0x00000000d7180000,0x00000000d7440100,0x00000000d7480000)
  to   space 3072K, 0% used [0x00000000d6e80000,0x00000000d6e80000,0x00000000d7180000)
 ParOldGen       total 40960K, used 38138K [0x0000000081800000, 0x0000000084000000, 0x00000000d5d80000)
  object space 40960K, 93% used [0x0000000081800000,0x0000000083d3eb80,0x0000000084000000)
 Metaspace       used 27660K, capacity 27970K, committed 28160K, reserved 1075200K
  class space    used 2931K, capacity 3053K, committed 3072K, reserved 1048576K
}
Event: 36971.703 GC heap before
{Heap before GC invocations=22862 (full 943):
 PSYoungGen      total 20480K, used 20224K [0x00000000d5d80000, 0x00000000d7480000, 0x0000000100000000)
  eden space 17408K, 100% used [0x00000000d5d80000,0x00000000d6e80000,0x00000000d6e80000)
  from space 3072K, 91% used [0x00000000d7180000,0x00000000d7440100,0x00000000d7480000)
  to   space 3072K, 0% used [0x00000000d6e80000,0x00000000d6e80000,0x00000000d7180000)
 ParOldGen       total 40960K, used 38138K [0x0000000081800000, 0x0000000084000000, 0x00000000d5d80000)
  object space 40960K, 93% used [0x0000000081800000,0x0000000083d3eb80,0x0000000084000000)
 Metaspace       used 27660K, capacity 27970K, committed 28160K, reserved 1075200K
  class space    used 2931K, capacity 3053K, committed 3072K, reserved 1048576K
Event: 36971.706 GC heap after
Heap after GC invocations=22862 (full 943):
 PSYoungGen      total 20480K, used 2176K [0x00000000d5d80000, 0x00000000d7480000, 0x0000000100000000)
  eden space 17408K, 0% used [0x00000000d5d80000,0x00000000d5d80000,0x00000000d6e80000)
  from space 3072K, 70% used [0x00000000d6e80000,0x00000000d70a00c0,0x00000000d7180000)
  to   space 3072K, 0% used [0x00000000d7180000,0x00000000d7180000,0x00000000d7480000)
 ParOldGen       total 40960K, used 39407K [0x0000000081800000, 0x0000000084000000, 0x00000000d5d80000)
  object space 40960K, 96% used [0x0000000081800000,0x0000000083e7bcd0,0x0000000084000000)
 Metaspace       used 27660K, capacity 27970K, committed 28160K, reserved 1075200K
  class space    used 2931K, capacity 3053K, committed 3072K, reserved 1048576K
}
Event: 36973.280 GC heap before
{Heap before GC invocations=22863 (full 943):
 PSYoungGen      total 20480K, used 19579K [0x00000000d5d80000, 0x00000000d7480000, 0x0000000100000000)
  eden space 17408K, 99% used [0x00000000d5d80000,0x00000000d6e7ee68,0x00000000d6e80000)
  from space 3072K, 70% used [0x00000000d6e80000,0x00000000d70a00c0,0x00000000d7180000)
  to   space 3072K, 0% used [0x00000000d7180000,0x00000000d7180000,0x00000000d7480000)
 ParOldGen       total 40960K, used 39407K [0x0000000081800000, 0x0000000084000000, 0x00000000d5d80000)
  object space 40960K, 96% used [0x0000000081800000,0x0000000083e7bcd0,0x0000000084000000)
 Metaspace       used 27660K, capacity 27970K, committed 28160K, reserved 1075200K
  class space    used 2931K, capacity 3053K, committed 3072K, reserved 1048576K
Event: 36973.286 GC heap after
Heap after GC invocations=22863 (full 943):
 PSYoungGen      total 20480K, used 2656K [0x00000000d5d80000, 0x00000000d7480000, 0x0000000100000000)
  eden space 17408K, 0% used [0x00000000d5d80000,0x00000000d5d80000,0x00000000d6e80000)
  from space 3072K, 86% used [0x00000000d7180000,0x00000000d74180f0,0x00000000d7480000)
  to   space 3072K, 0% used [0x00000000d6e80000,0x00000000d6e80000,0x00000000d7180000)
 ParOldGen       total 40960K, used 40099K [0x0000000081800000, 0x0000000084000000, 0x00000000d5d80000)
  object space 40960K, 97% used [0x0000000081800000,0x0000000083f28d80,0x0000000084000000)
 Metaspace       used 27660K, capacity 27970K, committed 28160K, reserved 1075200K
  class space    used 2931K, capacity 3053K, committed 3072K, reserved 1048576K
}
Event: 36973.286 GC heap before
{Heap before GC invocations=22864 (full 944):
 PSYoungGen      total 20480K, used 2656K [0x00000000d5d80000, 0x00000000d7480000, 0x0000000100000000)
  eden space 17408K, 0% used [0x00000000d5d80000,0x00000000d5d80000,0x00000000d6e80000)
  from space 3072K, 86% used [0x00000000d7180000,0x00000000d74180f0,0x00000000d7480000)
  to   space 3072K, 0% used [0x00000000d6e80000,0x00000000d6e80000,0x00000000d7180000)
 ParOldGen       total 40960K, used 40099K [0x0000000081800000, 0x0000000084000000, 0x00000000d5d80000)
  object space 40960K, 97% used [0x0000000081800000,0x0000000083f28d80,0x0000000084000000)
 Metaspace       used 27660K, capacity 27970K, committed 28160K, reserved 1075200K
  class space    used 2931K, capacity 3053K, committed 3072K, reserved 1048576K
Event: 36973.337 GC heap after
Heap after GC invocations=22864 (full 944):
 PSYoungGen      total 20480K, used 0K [0x00000000d5d80000, 0x00000000d7480000, 0x0000000100000000)
  eden space 17408K, 0% used [0x00000000d5d80000,0x00000000d5d80000,0x00000000d6e80000)
  from space 3072K, 0% used [0x00000000d7180000,0x00000000d7180000,0x00000000d7480000)
  to   space 3072K, 0% used [0x00000000d6e80000,0x00000000d6e80000,0x00000000d7180000)
 ParOldGen       total 41984K, used 24935K [0x0000000081800000, 0x0000000084100000, 0x00000000d5d80000)
  object space 41984K, 59% used [0x0000000081800000,0x0000000083059ed8,0x0000000084100000)
 Metaspace       used 27660K, capacity 27970K, committed 28160K, reserved 1075200K
  class space    used 2931K, capacity 3053K, committed 3072K, reserved 1048576K
}

Deoptimization events (10 events):
Event: 36973.366 Thread 0x0000020a7d656800 Uncommon trap: reason=unhandled action=none pc=0x0000020a6d6ecf58 method=com.sun.crypto.provider.CipherCore.checkReinit()V @ 17
Event: 36973.366 Thread 0x0000020a7d656800 Uncommon trap: reason=unhandled action=none pc=0x0000020a6d9541e8 method=java.net.AbstractPlainSocketImpl.getOption(I)Ljava/lang/Object; @ 16
Event: 36973.367 Thread 0x0000020a7d656800 Uncommon trap: reason=unhandled action=none pc=0x0000020a6d954058 method=java.net.Socket.getSoLinger()I @ 16
Event: 36973.367 Thread 0x0000020a7d656800 Uncommon trap: reason=unhandled action=none pc=0x0000020a6d540298 method=java.net.Socket.shutdownOutput()V @ 16
Event: 36973.367 Thread 0x0000020a7d656800 Uncommon trap: reason=unhandled action=none pc=0x0000020a6dcbc898 method=com.sun.crypto.provider.GaloisCounterMode.decryptFinal([BII[BI)I @ 17
Event: 36973.367 Thread 0x0000020a7d656800 Uncommon trap: reason=unhandled action=none pc=0x0000020a6d6ecf58 method=com.sun.crypto.provider.CipherCore.checkReinit()V @ 17
Event: 36973.395 Thread 0x0000020a0be71000 Uncommon trap: reason=unhandled action=none pc=0x0000020a6d46cf98 method=javax.crypto.Cipher.checkCipherState()V @ 23
Event: 36973.992 Thread 0x0000020a060fc000 Uncommon trap: reason=unhandled action=none pc=0x0000020a6d485cd8 method=sun.security.x509.CertificateExtensions.get(Ljava/lang/String;)Lsun/security/x509/Extension; @ 44
Event: 36973.997 Thread 0x0000020a060fc000 Uncommon trap: reason=unhandled action=none pc=0x0000020a6d6ecfd8 method=javax.crypto.Cipher.checkCipherState()V @ 23
Event: 36974.059 Thread 0x0000020a060fc000 Uncommon trap: reason=unhandled action=none pc=0x0000020a6d46cf98 method=javax.crypto.Cipher.checkCipherState()V @ 23

Classes redefined (10 events):
Event: 34046.613 Thread 0x0000020a7d622000 redefined class name=betfair.dao.HistoricoCorridas, count=1
Event: 34223.782 Thread 0x0000020a7d622000 redefined class name=betfair.dao.HistoricoCorridas, count=2
Event: 34665.782 Thread 0x0000020a7d622000 redefined class name=betfair.dao.HistoricoCorridas, count=3
Event: 34833.785 Thread 0x0000020a7d622000 redefined class name=betfair.dao.HistoricoCorridas, count=4
Event: 35186.393 Thread 0x0000020a7d622000 redefined class name=com.betfair.aping.InicioJob$1, count=1
Event: 35186.411 Thread 0x0000020a7d622000 redefined class name=com.betfair.aping.InicioJob, count=1
Event: 35203.779 Thread 0x0000020a7d622000 redefined class name=com.betfair.aping.InicioJob$1, count=2
Event: 35203.798 Thread 0x0000020a7d622000 redefined class name=com.betfair.aping.InicioJob, count=2
Event: 36859.419 Thread 0x0000020a7d622000 redefined class name=betfair.dao.HistoricoCorridas, count=5
Event: 36974.243 Thread 0x0000020a7d622000 redefined class name=betfair.dao.HistoricoCorridas, count=6

Internal exceptions (10 events):
Event: 36973.362 Thread 0x0000020a7d656800 Exception <a 'java/net/SocketException': Socket closed> (0x00000000d5f5d928) thrown at [C:\jenkins\workspace\8-2-build-windows-amd64-cygwin\jdk8u271\605\hotspot\src\share\vm\prims\jni.cpp, line 737]
Event: 36973.363 Thread 0x0000020a7d656800 Exception <a 'java/net/SocketException': Socket closed> (0x00000000d5f7b090) thrown at [C:\jenkins\workspace\8-2-build-windows-amd64-cygwin\jdk8u271\605\hotspot\src\share\vm\prims\jni.cpp, line 737]
Event: 36973.363 Thread 0x0000020a7d656800 Exception <a 'java/net/SocketException': Socket closed> (0x00000000d5f7c838) thrown at [C:\jenkins\workspace\8-2-build-windows-amd64-cygwin\jdk8u271\605\hotspot\src\share\vm\prims\jni.cpp, line 737]
Event: 36973.364 Thread 0x0000020a7d656800 Exception <a 'java/net/SocketException': Socket closed> (0x00000000d5f9df68) thrown at [C:\jenkins\workspace\8-2-build-windows-amd64-cygwin\jdk8u271\605\hotspot\src\share\vm\prims\jni.cpp, line 737]
Event: 36973.364 Thread 0x0000020a7d656800 Exception <a 'java/net/SocketException': Socket closed> (0x00000000d5f9f670) thrown at [C:\jenkins\workspace\8-2-build-windows-amd64-cygwin\jdk8u271\605\hotspot\src\share\vm\prims\jni.cpp, line 737]
Event: 36973.365 Thread 0x0000020a7d656800 Exception <a 'java/net/SocketException': Socket closed> (0x00000000d5fa0e50) thrown at [C:\jenkins\workspace\8-2-build-windows-amd64-cygwin\jdk8u271\605\hotspot\src\share\vm\prims\jni.cpp, line 737]
Event: 36973.365 Thread 0x0000020a7d656800 Exception <a 'java/net/SocketException': Socket closed> (0x00000000d5fa25f8) thrown at [C:\jenkins\workspace\8-2-build-windows-amd64-cygwin\jdk8u271\605\hotspot\src\share\vm\prims\jni.cpp, line 737]
Event: 36973.366 Thread 0x0000020a7d656800 Exception <a 'java/net/SocketException': Socket closed> (0x00000000d5fb1d68) thrown at [C:\jenkins\workspace\8-2-build-windows-amd64-cygwin\jdk8u271\605\hotspot\src\share\vm\prims\jni.cpp, line 737]
Event: 36973.366 Thread 0x0000020a7d656800 Exception <a 'java/net/SocketException': Socket closed> (0x00000000d5fb34d0) thrown at [C:\jenkins\workspace\8-2-build-windows-amd64-cygwin\jdk8u271\605\hotspot\src\share\vm\prims\jni.cpp, line 737]
Event: 36973.367 Thread 0x0000020a7d656800 Exception <a 'java/net/SocketException': Socket closed> (0x00000000d5fb4cb0) thrown at [C:\jenkins\workspace\8-2-build-windows-amd64-cygwin\jdk8u271\605\hotspot\src\share\vm\prims\jni.cpp, line 737]

Events (10 events):
Event: 36974.300 Executing VM operation: GetCurrentContendedMonitor done
Event: 36974.300 Executing VM operation: GetOwnedMonitorInfo
Event: 36974.300 Executing VM operation: GetOwnedMonitorInfo done
Event: 36974.300 Executing VM operation: GetCurrentContendedMonitor
Event: 36974.300 Executing VM operation: GetCurrentContendedMonitor done
Event: 36974.302 Executing VM operation: GetCurrentContendedMonitor
Event: 36974.303 Executing VM operation: GetCurrentContendedMonitor done
Event: 36974.304 Executing VM operation: GetOwnedMonitorInfo
Event: 36974.304 Executing VM operation: GetOwnedMonitorInfo done
Event: 36974.342 Executing VM operation: GetOrSetLocal


Dynamic libraries:
0x00007ff6b7610000 - 0x00007ff6b7657000 	C:\Program Files\Java\jre1.8.0_271\bin\javaw.exe
0x00007ffb5eae0000 - 0x00007ffb5ecd0000 	C:\WINDOWS\SYSTEM32\ntdll.dll
0x00007ffb5cff0000 - 0x00007ffb5d0a2000 	C:\WINDOWS\System32\KERNEL32.DLL
0x00007ffb5c690000 - 0x00007ffb5c935000 	C:\WINDOWS\System32\KERNELBASE.dll
0x000000005fc50000 - 0x000000005fcf6000 	C:\WINDOWS\System32\SYSFER.DLL
0x000000005c970000 - 0x000000005cc9b000 	C:\ProgramData\Symantec\Symantec Endpoint Protection\14.3.1169.0100.105\Data\Definitions\IPSDefs\20210812.061\IPSEng64.dll
0x00007ffb5de00000 - 0x00007ffb5dea3000 	C:\WINDOWS\System32\ADVAPI32.dll
0x00007ffb5d0e0000 - 0x00007ffb5d17e000 	C:\WINDOWS\System32\msvcrt.dll
0x00007ffb5dd50000 - 0x00007ffb5dde7000 	C:\WINDOWS\System32\sechost.dll
0x00007ffb5e030000 - 0x00007ffb5e150000 	C:\WINDOWS\System32\RPCRT4.dll
0x00007ffb5ccf0000 - 0x00007ffb5ccf8000 	C:\WINDOWS\System32\PSAPI.DLL
0x00007ffb5e2c0000 - 0x00007ffb5e454000 	C:\WINDOWS\System32\USER32.dll
0x00007ffb5ba50000 - 0x00007ffb5ba71000 	C:\WINDOWS\System32\win32u.dll
0x00007ffb5dbb0000 - 0x00007ffb5dbd6000 	C:\WINDOWS\System32\GDI32.dll
0x00007ffb5c440000 - 0x00007ffb5c5d6000 	C:\WINDOWS\System32\gdi32full.dll
0x00007ffb5bc10000 - 0x00007ffb5bcae000 	C:\WINDOWS\System32\msvcp_win.dll
0x00007ffb5bae0000 - 0x00007ffb5bbda000 	C:\WINDOWS\System32\ucrtbase.dll
0x00007ffb4be60000 - 0x00007ffb4c0e4000 	C:\WINDOWS\WinSxS\amd64_microsoft.windows.common-controls_6595b64144ccf1df_6.0.18362.1256_none_9e7e379be45e40e2\COMCTL32.dll
0x00007ffb5d870000 - 0x00007ffb5dba6000 	C:\WINDOWS\System32\combase.dll
0x00007ffb5c5e0000 - 0x00007ffb5c661000 	C:\WINDOWS\System32\bcryptPrimitives.dll
0x00007ffb5d0b0000 - 0x00007ffb5d0de000 	C:\WINDOWS\System32\IMM32.DLL
0x00007ffb2f0c0000 - 0x00007ffb2f0d5000 	C:\Program Files\Java\jre1.8.0_271\bin\vcruntime140.dll
0x00007ffb040a0000 - 0x00007ffb0413b000 	C:\Program Files\Java\jre1.8.0_271\bin\msvcp140.dll
0x000000005cfd0000 - 0x000000005d83f000 	C:\Program Files\Java\jre1.8.0_271\bin\server\jvm.dll
0x00007ffb4c4f0000 - 0x00007ffb4c4f9000 	C:\WINDOWS\SYSTEM32\WSOCK32.dll
0x00007ffb5ea30000 - 0x00007ffb5ea9f000 	C:\WINDOWS\System32\WS2_32.dll
0x00007ffb59b00000 - 0x00007ffb59b24000 	C:\WINDOWS\SYSTEM32\WINMM.dll
0x00007ffb551b0000 - 0x00007ffb551ba000 	C:\WINDOWS\SYSTEM32\VERSION.dll
0x00007ffb59a80000 - 0x00007ffb59aad000 	C:\WINDOWS\SYSTEM32\WINMMBASE.dll
0x00007ffb5ca90000 - 0x00007ffb5cada000 	C:\WINDOWS\System32\cfgmgr32.dll
0x00007ffb5ba30000 - 0x00007ffb5ba41000 	C:\WINDOWS\System32\kernel.appcore.dll
0x00007ffb4aad0000 - 0x00007ffb4aae0000 	C:\Program Files\Java\jre1.8.0_271\bin\verify.dll
0x00007ffb2f200000 - 0x00007ffb2f22b000 	C:\Program Files\Java\jre1.8.0_271\bin\java.dll
0x00007ffb05de0000 - 0x00007ffb05e16000 	C:\Program Files\Java\jre1.8.0_271\bin\jdwp.dll
0x00007ffb4aac0000 - 0x00007ffb4aac9000 	C:\Program Files\Java\jre1.8.0_271\bin\npt.dll
0x00007ffb05290000 - 0x00007ffb052c0000 	C:\Program Files\Java\jre1.8.0_271\bin\instrument.dll
0x00007ffb47590000 - 0x00007ffb475a8000 	C:\Program Files\Java\jre1.8.0_271\bin\zip.dll
0x00007ffb5d180000 - 0x00007ffb5d867000 	C:\WINDOWS\System32\SHELL32.dll
0x00007ffb5e210000 - 0x00007ffb5e2b9000 	C:\WINDOWS\System32\shcore.dll
0x00007ffb5bcb0000 - 0x00007ffb5c431000 	C:\WINDOWS\System32\windows.storage.dll
0x00007ffb5ba00000 - 0x00007ffb5ba23000 	C:\WINDOWS\System32\profapi.dll
0x00007ffb5b9b0000 - 0x00007ffb5b9fa000 	C:\WINDOWS\System32\powrprof.dll
0x00007ffb5b980000 - 0x00007ffb5b990000 	C:\WINDOWS\System32\UMPDC.dll
0x00007ffb5e1b0000 - 0x00007ffb5e202000 	C:\WINDOWS\System32\shlwapi.dll
0x00007ffb5c670000 - 0x00007ffb5c687000 	C:\WINDOWS\System32\cryptsp.dll
0x00007ffb42390000 - 0x00007ffb4239a000 	C:\Program Files\Java\jre1.8.0_271\bin\dt_socket.dll
0x00007ffb36b50000 - 0x00007ffb36b66000 	C:\WINDOWS\system32\napinsp.dll
0x00007ffb36b30000 - 0x00007ffb36b4a000 	C:\WINDOWS\system32\pnrpnsp.dll
0x00007ffb5b170000 - 0x00007ffb5b1d7000 	C:\WINDOWS\System32\mswsock.dll
0x00007ffb5aec0000 - 0x00007ffb5af8b000 	C:\WINDOWS\SYSTEM32\DNSAPI.dll
0x00007ffb5dbe0000 - 0x00007ffb5dbe8000 	C:\WINDOWS\System32\NSI.dll
0x00007ffb5ae80000 - 0x00007ffb5aeba000 	C:\WINDOWS\SYSTEM32\IPHLPAPI.DLL
0x00007ffb36b20000 - 0x00007ffb36b2e000 	C:\WINDOWS\System32\winrnr.dll
0x00007ffb58280000 - 0x00007ffb5829c000 	C:\WINDOWS\system32\NLAapi.dll
0x00007ffb36b00000 - 0x00007ffb36b15000 	C:\WINDOWS\system32\wshbth.dll
0x00007ffb56f60000 - 0x00007ffb56fd7000 	C:\WINDOWS\System32\fwpuclnt.dll
0x00007ffb5bbe0000 - 0x00007ffb5bc06000 	C:\WINDOWS\System32\bcrypt.dll
0x00007ffb54ac0000 - 0x00007ffb54aca000 	C:\Windows\System32\rasadhlp.dll
0x00007ffb18b50000 - 0x00007ffb18b74000 	C:\Program Files\Java\jre1.8.0_271\bin\sunec.dll
0x00007ffb423f0000 - 0x00007ffb4240c000 	C:\Program Files\Java\jre1.8.0_271\bin\net.dll
0x00007ffb57000000 - 0x00007ffb57016000 	C:\WINDOWS\SYSTEM32\dhcpcsvc6.DLL
0x00007ffb56fe0000 - 0x00007ffb56ffc000 	C:\WINDOWS\SYSTEM32\dhcpcsvc.DLL
0x00007ffb34160000 - 0x00007ffb34173000 	C:\Program Files\Java\jre1.8.0_271\bin\nio.dll
0x00007ffb5ace0000 - 0x00007ffb5ad13000 	C:\WINDOWS\system32\rsaenh.dll
0x00007ffb5b8a0000 - 0x00007ffb5b8c5000 	C:\WINDOWS\SYSTEM32\USERENV.dll
0x00007ffb5b340000 - 0x00007ffb5b34c000 	C:\WINDOWS\SYSTEM32\CRYPTBASE.dll
0x00007ffb421d0000 - 0x00007ffb421dd000 	C:\Program Files\Java\jre1.8.0_271\bin\sunmscapi.dll
0x00007ffb5c940000 - 0x00007ffb5ca89000 	C:\WINDOWS\System32\CRYPT32.dll
0x00007ffb5b990000 - 0x00007ffb5b9a2000 	C:\WINDOWS\System32\MSASN1.dll
0x00007ffb5b440000 - 0x00007ffb5b466000 	C:\WINDOWS\SYSTEM32\ncrypt.dll
0x00007ffb5b400000 - 0x00007ffb5b43b000 	C:\WINDOWS\SYSTEM32\NTASN1.dll
0x00007ffb36d10000 - 0x00007ffb36d1d000 	C:\Program Files\Java\jre1.8.0_271\bin\management.dll
0x00007ffb42b40000 - 0x00007ffb42d34000 	C:\WINDOWS\SYSTEM32\dbghelp.dll

VM Arguments:
jvm_args: -agentlib:jdwp=transport=dt_socket,suspend=y,address=localhost:63204 -javaagent:C:\eclipse-WAS\configuration\org.eclipse.osgi\221\0\.cp\lib\javaagent-shaded.jar -Dfile.encoding=UTF-8 
java_command: com.betfair.aping.InicioJob
java_class_path (initial): C:\eclipse-WAS\workspaceHome\JobBetfair\target\classes;C:\eclipse-WAS\workspaceHome\JobBetfair\src\lib\postgresql-42.2.14.jar;C:\Users\alisson.oliveira\Downloads\mongo-java-driver-3.12.7.jar;C:\Users\alisson.oliveira\.m2\repository\com\google\code\gson\gson\2.2.4\gson-2.2.4.jar;C:\Users\alisson.oliveira\.m2\repository\org\apache\httpcomponents\httpclient\4.3.4\httpclient-4.3.4.jar;C:\Users\alisson.oliveira\.m2\repository\org\apache\httpcomponents\httpcore\4.3.2\httpcore-4.3.2.jar;C:\Users\alisson.oliveira\.m2\repository\commons-logging\commons-logging\1.1.3\commons-logging-1.1.3.jar;C:\Users\alisson.oliveira\.m2\repository\commons-codec\commons-codec\1.6\commons-codec-1.6.jar;C:\Users\alisson.oliveira\.m2\repository\com\sun\jersey\jersey-client\1.18.1\jersey-client-1.18.1.jar;C:\Users\alisson.oliveira\.m2\repository\com\sun\jersey\jersey-core\1.18.1\jersey-core-1.18.1.jar;C:\Users\alisson.oliveira\.m2\repository\com\fasterxml\jackson\core\jackson-annotations\2.9.6\jackson-annotations-2.9.6.jar;C:\Users\alisson.oliveira\.m2\repository\com\fasterxml\jackson\core\jackson-databind\2.9.8\jackson-databind-2.9.8.jar;C:\Users\alisson.oliveira\.m2\repository\com\fasterxml\jackson\core\jackson-core\2.9.8\jackson-core-2.9.8.jar;C:\Users\alisson.oliveira\.m2\repository\org\slf4j\slf4j-api\1.8.0-beta1\slf4j-api-1.8.0-beta1.jar;C:\Users\alisson.oliveira\.m2\repository\javax\ws\rs\javax.ws.rs-api\2.1-m09\javax.ws.rs-api-2.1-m09.jar;C:\eclipse-WAS\configuration\org.eclipse.osgi\221\0\.cp\lib\javaagent-shaded.jar
Launcher Type: SUN_STANDARD

Environment Variables:
JAVA_HOME=C:\Program Files\Java\jdk1.8.0_211
CLASSPATH=C:\Program Files\Java\jdk1.8.0_211\lib\tools.jar
PATH=C:/Program Files/Java/jre1.8.0_271/bin/server;C:/Program Files/Java/jre1.8.0_271/bin;C:/Program Files/Java/jre1.8.0_271/lib/amd64;C:\Program Files (x86)\Common Files\Oracle\Java\javapath;C:\WINDOWS\system32;C:\WINDOWS;C:\WINDOWS\System32\Wbem;C:\WINDOWS\System32\WindowsPowerShell\v1.0\;C:\WINDOWS\System32\OpenSSH\;C:\Program Files\ibm\gsk8\lib64;C:\Program Files (x86)\ibm\gsk8\lib;C:\PROGRA~1\IBM\SQLLIB\BIN;C:\PROGRA~1\IBM\SQLLIB\FUNCTION;C:\PROGRA~1\IBM\SQLLIB\SAMPLES\REPL;c:\Program Files (x86)\Microsoft SQL Server\100\Tools\Binn\VSShell\Common7\IDE\;c:\Program Files (x86)\Microsoft SQL Server\100\Tools\Binn\;c:\Program Files\Microsoft SQL Server\100\Tools\Binn\;c:\Program Files (x86)\Microsoft SQL Server\100\DTS\Binn\;C:\Program Files\Java\jdk1.8.0_211\bin;C:\Program Files\Git\cmd;C:\Program Files\TortoiseSVN\bin;C:\apache-maven-3.0.4\bin;C:\Program Files\dotnet\;C:\Program Files\Microsoft SQL Server\130\Tools\Binn\;C:\Program Files\Microsoft SQL Server\Client SDK\ODBC\170\Tools\Binn\;C:\Program Files\nodejs\;C:\Program Files (x86)\Yarn\bin\;C:\Program Files\PuTTY\;C:\PHP;C:\ProgramData\ComposerSetup\bin;C:\Program Files\MySQL\MySQL Server 8.0\bin;C:\Users\alisson.oliveira\AppData\Local\Programs\Python\Python38-32\Scripts\;C:\Users\alisson.oliveira\AppData\Local\Programs\Python\Python38-32\;C:\Users\alisson.oliveira\AppData\Local\Microsoft\WindowsApps;;C:\Users\alisson.oliveira\AppData\Local\Programs\Microsoft VS Code\bin;C:\Users\alisson.oliveira\AppData\Roaming\npm;C:\Program Files\JetBrains\IntelliJ IDEA Educational Edition 2019.3.3\bin;;C:\Program Files\JetBrains\IntelliJ IDEA 2019.3.4\bin;;C:\Users\alisson.oliveira\AppData\Local\Yarn\bin;C:\Program Files\heroku\bin;C:\Users\alisson.oliveira\AppData\Roaming\Composer\vendor\bin;C:\eclipse-WAS;
USERNAME=Alisson.Oliveira
OS=Windows_NT
PROCESSOR_IDENTIFIER=Intel64 Family 6 Model 94 Stepping 3, GenuineIntel



---------------  S Y S T E M  ---------------

OS: Windows 10.0 , 64 bit Build 18362 (10.0.18362.1110)

CPU:total 4 (initial active 4) (4 cores per cpu, 1 threads per core) family 6 model 94 stepping 3, cmov, cx8, fxsr, mmx, sse, sse2, sse3, ssse3, sse4.1, sse4.2, popcnt, avx, avx2, aes, clmul, erms, rtm, 3dnowpref, lzcnt, tsc, tscinvbit, bmi1, bmi2, adx

Memory: 4k page, physical 8287408k(1118504k free), swap 22443184k(6581532k free)

vm_info: Java HotSpot(TM) 64-Bit Server VM (25.271-b09) for windows-amd64 JRE (1.8.0_271-b09), built on Sep 16 2020 19:14:59 by "" with MS VC++ 15.9 (VS2017)

time: Fri Aug 13 10:49:32 2021
timezone: Hora oficial do Brasil
elapsed time: 36974.460574 seconds (0d 10h 16m 14s)

