#
# A fatal error has been detected by the Java Runtime Environment:
#
#  Internal Error (javaCalls.cpp:51), pid=20848, tid=0x0000000000003f74
#  guarantee(thread->is_Java_thread()) failed: crucial check - the VM thread cannot and must not escape to Java code
#
# JRE version: Java(TM) SE Runtime Environment (8.0_271-b09) (build 1.8.0_271-b09)
# Java VM: Java HotSpot(TM) 64-Bit Server VM (25.271-b09 mixed mode windows-amd64 compressed oops)
# Failed to write core dump. Minidumps are not enabled by default on client versions of Windows
#
# If you would like to submit a bug report, please visit:
#   http://bugreport.java.com/bugreport/crash.jsp
#

---------------  T H R E A D  ---------------

Current thread (0x000001c34f81c800):  VMThread [stack: 0x0000005b4e100000,0x0000005b4e200000] [id=16244]

Stack: [0x0000005b4e100000,0x0000005b4e200000]
Native frames: (J=compiled Java code, j=interpreted, Vv=VM code, C=native code)
V  [jvm.dll+0x33f6c9]
V  [jvm.dll+0x286122]
V  [jvm.dll+0x286dcd]
V  [jvm.dll+0x27d787]
V  [jvm.dll+0x21b9fd]
V  [jvm.dll+0x21c047]
V  [jvm.dll+0x33f5e2]
V  [jvm.dll+0x21c671]
V  [jvm.dll+0x27e9d5]
V  [jvm.dll+0x27ec1d]
V  [jvm.dll+0x27ed69]
V  [jvm.dll+0x11b2e8]
V  [jvm.dll+0x1183eb]
V  [jvm.dll+0x11957e]
V  [jvm.dll+0x116bea]
V  [jvm.dll+0x115d7a]
V  [jvm.dll+0xdd69b]
V  [jvm.dll+0xde244]
V  [jvm.dll+0x122b84]
V  [jvm.dll+0x145e40]
V  [jvm.dll+0x1c9df1]
V  [jvm.dll+0x256557]
V  [jvm.dll+0x254cc5]
V  [jvm.dll+0x25543c]
V  [jvm.dll+0x25574c]
V  [jvm.dll+0x2a2dcc]
C  [ucrtbase.dll+0x210b2]
C  [KERNEL32.DLL+0x17c24]
C  [ntdll.dll+0x6d4d1]

VM_Operation (0x0000005b4e6ff650): GetOrSetLocal, mode: safepoint, requested by thread 0x000001c34f8af000


---------------  P R O C E S S  ---------------

Java Threads: ( => current thread )
  0x000001c351d1d800 JavaThread "Thread-312" [_thread_blocked, id=19388, stack(0x0000005b4da00000,0x0000005b4db00000)]
  0x000001c352154000 JavaThread "Thread-144" [_thread_blocked, id=8780, stack(0x0000005b4d900000,0x0000005b4da00000)]
  0x000001c3513b4000 JavaThread "Thread-96" [_thread_blocked, id=2256, stack(0x0000005b4d800000,0x0000005b4d900000)]
  0x000001c35215c000 JavaThread "Thread-0" [_thread_blocked, id=21048, stack(0x0000005b4ee00000,0x0000005b4ef00000)]
  0x000001c350df8800 JavaThread "Service Thread" daemon [_thread_blocked, id=22228, stack(0x0000005b4ec00000,0x0000005b4ed00000)]
  0x000001c350d34000 JavaThread "C1 CompilerThread2" daemon [_thread_blocked, id=17784, stack(0x0000005b4eb00000,0x0000005b4ec00000)]
  0x000001c350d33800 JavaThread "C2 CompilerThread1" daemon [_thread_blocked, id=22288, stack(0x0000005b4ea00000,0x0000005b4eb00000)]
  0x000001c350d7f000 JavaThread "C2 CompilerThread0" daemon [_thread_blocked, id=16364, stack(0x0000005b4e900000,0x0000005b4ea00000)]
  0x000001c34f8c4000 JavaThread "JDWP Command Reader" daemon [_thread_in_native, id=19460, stack(0x0000005b4e800000,0x0000005b4e900000)]
  0x000001c34f8b2000 JavaThread "JDWP Event Helper Thread" daemon [_thread_blocked, id=19292, stack(0x0000005b4e700000,0x0000005b4e800000)]
  0x000001c34f8af000 JavaThread "JDWP Transport Listener: dt_socket" daemon [_thread_blocked, id=8072, stack(0x0000005b4e600000,0x0000005b4e700000)]
  0x000001c339617800 JavaThread "Attach Listener" daemon [_thread_blocked, id=19832, stack(0x0000005b4e500000,0x0000005b4e600000)]
  0x000001c34f890000 JavaThread "Signal Dispatcher" daemon [_thread_blocked, id=14268, stack(0x0000005b4e400000,0x0000005b4e500000)]
  0x000001c34f852000 JavaThread "Finalizer" daemon [_thread_blocked, id=23128, stack(0x0000005b4e300000,0x0000005b4e400000)]
  0x000001c34f823000 JavaThread "Reference Handler" daemon [_thread_blocked, id=17012, stack(0x0000005b4e200000,0x0000005b4e300000)]
  0x000001c339609800 JavaThread "main" [_thread_blocked, id=22728, stack(0x0000005b4dc00000,0x0000005b4dd00000)]

Other Threads:
=>0x000001c34f81c800 VMThread [stack: 0x0000005b4e100000,0x0000005b4e200000] [id=16244]
  0x000001c350e91000 WatcherThread [stack: 0x0000005b4ed00000,0x0000005b4ee00000] [id=20220]

VM state:at safepoint (normal execution)

VM Mutex/Monitor currently owned by a thread:  ([mutex/lock_event])
[0x000001c339588310] Threads_lock - owner thread: 0x000001c34f81c800

heap address: 0x0000000081800000, size: 2024 MB, Compressed Oops mode: 32-bit
Narrow klass base: 0x0000000000000000, Narrow klass shift: 3
Compressed class space size: 1073741824 Address: 0x0000000100000000

Heap:
 PSYoungGen      total 25088K, used 10679K [0x00000000d5d80000, 0x00000000d7980000, 0x0000000100000000)
  eden space 21504K, 36% used [0x00000000d5d80000,0x00000000d6535e30,0x00000000d7280000)
  from space 3584K, 77% used [0x00000000d7600000,0x00000000d78b8100,0x00000000d7980000)
  to   space 3584K, 0% used [0x00000000d7280000,0x00000000d7280000,0x00000000d7600000)
 ParOldGen       total 71168K, used 68152K [0x0000000081800000, 0x0000000085d80000, 0x00000000d5d80000)
  object space 71168K, 95% used [0x0000000081800000,0x0000000085a8e2c0,0x0000000085d80000)
 Metaspace       used 21764K, capacity 22070K, committed 22320K, reserved 1069056K
  class space    used 2292K, capacity 2363K, committed 2432K, reserved 1048576K

Card table byte_map: [0x000001c34a330000,0x000001c34a730000] byte_map_base: 0x000001c349f24000

Marking Bits: (ParMarkBitMap*) 0x000000005d7c7fe0
 Begin Bits: [0x000001c34a9e0000, 0x000001c34c980000)
 End Bits:   [0x000001c34c980000, 0x000001c34e920000)

Polling page: 0x000001c339530000

CodeCache: size=245760Kb used=20884Kb max_used=20934Kb free=224875Kb
 bounds [0x000001c33af70000, 0x000001c33c480000, 0x000001c349f70000]
 total_blobs=5279 nmethods=4844 adapters=354
 compilation: enabled

Compilation events (10 events):
Event: 1132.048 Thread 0x000001c350d33800 5983       4       org.apache.http.impl.cookie.CookieSpecBase::validate (57 bytes)
Event: 1132.058 Thread 0x000001c350d33800 nmethod 5983 0x000001c33b8c3090 code [0x000001c33b8c3220, 0x000001c33b8c3cf8]
Event: 1148.487 Thread 0x000001c350d7f000 5984       4       java.util.TreeMap$PrivateEntryIterator::<init> (28 bytes)
Event: 1148.489 Thread 0x000001c350d7f000 nmethod 5984 0x000001c33b209790 code [0x000001c33b2098c0, 0x000001c33b209998]
Event: 1152.040 Thread 0x000001c350d33800 5985   !   4       sun.reflect.GeneratedConstructorAccessor18::newInstance (49 bytes)
Event: 1152.042 Thread 0x000001c350d33800 nmethod 5985 0x000001c33b63c010 code [0x000001c33b63c160, 0x000001c33b63c288]
Event: 1152.086 Thread 0x000001c350d7f000 5986   !   4       java.net.AbstractPlainSocketImpl::close (109 bytes)
Event: 1152.099 Thread 0x000001c350d7f000 nmethod 5986 0x000001c33ba91690 code [0x000001c33ba91840, 0x000001c33ba92208]
Event: 1153.988 Thread 0x000001c350d33800 5987       4       sun.security.ssl.SSLExtensions::consumeOnTrade (220 bytes)
Event: 1153.996 Thread 0x000001c350d33800 nmethod 5987 0x000001c33b0d4190 code [0x000001c33b0d4300, 0x000001c33b0d4928]

GC Heap History (10 events):
Event: 1162.504 GC heap before
{Heap before GC invocations=314 (full 4):
 PSYoungGen      total 25088K, used 24480K [0x00000000d5d80000, 0x00000000d7980000, 0x0000000100000000)
  eden space 21504K, 100% used [0x00000000d5d80000,0x00000000d7280000,0x00000000d7280000)
  from space 3584K, 83% used [0x00000000d7280000,0x00000000d7568110,0x00000000d7600000)
  to   space 3584K, 0% used [0x00000000d7600000,0x00000000d7600000,0x00000000d7980000)
 ParOldGen       total 71168K, used 65067K [0x0000000081800000, 0x0000000085d80000, 0x00000000d5d80000)
  object space 71168K, 91% used [0x0000000081800000,0x000000008578af60,0x0000000085d80000)
 Metaspace       used 21737K, capacity 22006K, committed 22320K, reserved 1069056K
  class space    used 2291K, capacity 2363K, committed 2432K, reserved 1048576K
Event: 1162.507 GC heap after
Heap after GC invocations=314 (full 4):
 PSYoungGen      total 25088K, used 2528K [0x00000000d5d80000, 0x00000000d7980000, 0x0000000100000000)
  eden space 21504K, 0% used [0x00000000d5d80000,0x00000000d5d80000,0x00000000d7280000)
  from space 3584K, 70% used [0x00000000d7600000,0x00000000d78780e0,0x00000000d7980000)
  to   space 3584K, 0% used [0x00000000d7280000,0x00000000d7280000,0x00000000d7600000)
 ParOldGen       total 71168K, used 65860K [0x0000000081800000, 0x0000000085d80000, 0x00000000d5d80000)
  object space 71168K, 92% used [0x0000000081800000,0x0000000085851040,0x0000000085d80000)
 Metaspace       used 21737K, capacity 22006K, committed 22320K, reserved 1069056K
  class space    used 2291K, capacity 2363K, committed 2432K, reserved 1048576K
}
Event: 1166.694 GC heap before
{Heap before GC invocations=315 (full 4):
 PSYoungGen      total 25088K, used 24032K [0x00000000d5d80000, 0x00000000d7980000, 0x0000000100000000)
  eden space 21504K, 100% used [0x00000000d5d80000,0x00000000d7280000,0x00000000d7280000)
  from space 3584K, 70% used [0x00000000d7600000,0x00000000d78780e0,0x00000000d7980000)
  to   space 3584K, 0% used [0x00000000d7280000,0x00000000d7280000,0x00000000d7600000)
 ParOldGen       total 71168K, used 65860K [0x0000000081800000, 0x0000000085d80000, 0x00000000d5d80000)
  object space 71168K, 92% used [0x0000000081800000,0x0000000085851040,0x0000000085d80000)
 Metaspace       used 21737K, capacity 22006K, committed 22320K, reserved 1069056K
  class space    used 2291K, capacity 2363K, committed 2432K, reserved 1048576K
Event: 1166.699 GC heap after
Heap after GC invocations=315 (full 4):
 PSYoungGen      total 25088K, used 2784K [0x00000000d5d80000, 0x00000000d7980000, 0x0000000100000000)
  eden space 21504K, 0% used [0x00000000d5d80000,0x00000000d5d80000,0x00000000d7280000)
  from space 3584K, 77% used [0x00000000d7280000,0x00000000d7538100,0x00000000d7600000)
  to   space 3584K, 0% used [0x00000000d7600000,0x00000000d7600000,0x00000000d7980000)
 ParOldGen       total 71168K, used 66236K [0x0000000081800000, 0x0000000085d80000, 0x00000000d5d80000)
  object space 71168K, 93% used [0x0000000081800000,0x00000000858af0b0,0x0000000085d80000)
 Metaspace       used 21737K, capacity 22006K, committed 22320K, reserved 1069056K
  class space    used 2291K, capacity 2363K, committed 2432K, reserved 1048576K
}
Event: 1169.596 GC heap before
{Heap before GC invocations=316 (full 4):
 PSYoungGen      total 25088K, used 24288K [0x00000000d5d80000, 0x00000000d7980000, 0x0000000100000000)
  eden space 21504K, 100% used [0x00000000d5d80000,0x00000000d7280000,0x00000000d7280000)
  from space 3584K, 77% used [0x00000000d7280000,0x00000000d7538100,0x00000000d7600000)
  to   space 3584K, 0% used [0x00000000d7600000,0x00000000d7600000,0x00000000d7980000)
 ParOldGen       total 71168K, used 66236K [0x0000000081800000, 0x0000000085d80000, 0x00000000d5d80000)
  object space 71168K, 93% used [0x0000000081800000,0x00000000858af0b0,0x0000000085d80000)
 Metaspace       used 21737K, capacity 22006K, committed 22320K, reserved 1069056K
  class space    used 2291K, capacity 2363K, committed 2432K, reserved 1048576K
Event: 1169.599 GC heap after
Heap after GC invocations=316 (full 4):
 PSYoungGen      total 25088K, used 2816K [0x00000000d5d80000, 0x00000000d7980000, 0x0000000100000000)
  eden space 21504K, 0% used [0x00000000d5d80000,0x00000000d5d80000,0x00000000d7280000)
  from space 3584K, 78% used [0x00000000d7600000,0x00000000d78c0100,0x00000000d7980000)
  to   space 3584K, 0% used [0x00000000d7280000,0x00000000d7280000,0x00000000d7600000)
 ParOldGen       total 71168K, used 66860K [0x0000000081800000, 0x0000000085d80000, 0x00000000d5d80000)
  object space 71168K, 93% used [0x0000000081800000,0x000000008594b170,0x0000000085d80000)
 Metaspace       used 21737K, capacity 22006K, committed 22320K, reserved 1069056K
  class space    used 2291K, capacity 2363K, committed 2432K, reserved 1048576K
}
Event: 1173.584 GC heap before
{Heap before GC invocations=317 (full 4):
 PSYoungGen      total 25088K, used 24320K [0x00000000d5d80000, 0x00000000d7980000, 0x0000000100000000)
  eden space 21504K, 100% used [0x00000000d5d80000,0x00000000d7280000,0x00000000d7280000)
  from space 3584K, 78% used [0x00000000d7600000,0x00000000d78c0100,0x00000000d7980000)
  to   space 3584K, 0% used [0x00000000d7280000,0x00000000d7280000,0x00000000d7600000)
 ParOldGen       total 71168K, used 66860K [0x0000000081800000, 0x0000000085d80000, 0x00000000d5d80000)
  object space 71168K, 93% used [0x0000000081800000,0x000000008594b170,0x0000000085d80000)
 Metaspace       used 21737K, capacity 22006K, committed 22320K, reserved 1069056K
  class space    used 2291K, capacity 2363K, committed 2432K, reserved 1048576K
Event: 1173.590 GC heap after
Heap after GC invocations=317 (full 4):
 PSYoungGen      total 25088K, used 2752K [0x00000000d5d80000, 0x00000000d7980000, 0x0000000100000000)
  eden space 21504K, 0% used [0x00000000d5d80000,0x00000000d5d80000,0x00000000d7280000)
  from space 3584K, 76% used [0x00000000d7280000,0x00000000d7530100,0x00000000d7600000)
  to   space 3584K, 0% used [0x00000000d7600000,0x00000000d7600000,0x00000000d7980000)
 ParOldGen       total 71168K, used 67848K [0x0000000081800000, 0x0000000085d80000, 0x00000000d5d80000)
  object space 71168K, 95% used [0x0000000081800000,0x0000000085a42270,0x0000000085d80000)
 Metaspace       used 21737K, capacity 22006K, committed 22320K, reserved 1069056K
  class space    used 2291K, capacity 2363K, committed 2432K, reserved 1048576K
}
Event: 1176.941 GC heap before
{Heap before GC invocations=318 (full 4):
 PSYoungGen      total 25088K, used 24256K [0x00000000d5d80000, 0x00000000d7980000, 0x0000000100000000)
  eden space 21504K, 100% used [0x00000000d5d80000,0x00000000d7280000,0x00000000d7280000)
  from space 3584K, 76% used [0x00000000d7280000,0x00000000d7530100,0x00000000d7600000)
  to   space 3584K, 0% used [0x00000000d7600000,0x00000000d7600000,0x00000000d7980000)
 ParOldGen       total 71168K, used 67848K [0x0000000081800000, 0x0000000085d80000, 0x00000000d5d80000)
  object space 71168K, 95% used [0x0000000081800000,0x0000000085a42270,0x0000000085d80000)
 Metaspace       used 21737K, capacity 22006K, committed 22320K, reserved 1069056K
  class space    used 2291K, capacity 2363K, committed 2432K, reserved 1048576K
Event: 1176.948 GC heap after
Heap after GC invocations=318 (full 4):
 PSYoungGen      total 25088K, used 2784K [0x00000000d5d80000, 0x00000000d7980000, 0x0000000100000000)
  eden space 21504K, 0% used [0x00000000d5d80000,0x00000000d5d80000,0x00000000d7280000)
  from space 3584K, 77% used [0x00000000d7600000,0x00000000d78b8100,0x00000000d7980000)
  to   space 3584K, 0% used [0x00000000d7280000,0x00000000d7280000,0x00000000d7600000)
 ParOldGen       total 71168K, used 68152K [0x0000000081800000, 0x0000000085d80000, 0x00000000d5d80000)
  object space 71168K, 95% used [0x0000000081800000,0x0000000085a8e2c0,0x0000000085d80000)
 Metaspace       used 21737K, capacity 22006K, committed 22320K, reserved 1069056K
  class space    used 2291K, capacity 2363K, committed 2432K, reserved 1048576K
}

Deoptimization events (10 events):
Event: 1176.985 Thread 0x000001c351d1d800 Uncommon trap: reason=unhandled action=none pc=0x000001c33b79b498 method=sun.security.x509.CertificateExtensions.get(Ljava/lang/String;)Lsun/security/x509/Extension; @ 44
Event: 1176.990 Thread 0x000001c351d1d800 Uncommon trap: reason=unhandled action=none pc=0x000001c33bb957f0 method=javax.crypto.Cipher.checkCipherState()V @ 23
Event: 1177.038 Thread 0x000001c351d1d800 Uncommon trap: reason=unhandled action=none pc=0x000001c33bb957f0 method=javax.crypto.Cipher.checkCipherState()V @ 23
Event: 1177.166 Thread 0x000001c351d1b800 Uncommon trap: reason=unhandled action=none pc=0x000001c33b79b498 method=sun.security.x509.CertificateExtensions.get(Ljava/lang/String;)Lsun/security/x509/Extension; @ 44
Event: 1177.166 Thread 0x000001c351d1b800 Uncommon trap: reason=unhandled action=none pc=0x000001c33b79b498 method=sun.security.x509.CertificateExtensions.get(Ljava/lang/String;)Lsun/security/x509/Extension; @ 44
Event: 1177.172 Thread 0x000001c351d1b800 Uncommon trap: reason=unhandled action=none pc=0x000001c33bb957f0 method=javax.crypto.Cipher.checkCipherState()V @ 23
Event: 1177.219 Thread 0x000001c351d1b800 Uncommon trap: reason=unhandled action=none pc=0x000001c33bb957f0 method=javax.crypto.Cipher.checkCipherState()V @ 23
Event: 1177.777 Thread 0x000001c35215c000 Uncommon trap: reason=unhandled action=none pc=0x000001c33b79b498 method=sun.security.x509.CertificateExtensions.get(Ljava/lang/String;)Lsun/security/x509/Extension; @ 44
Event: 1177.781 Thread 0x000001c35215c000 Uncommon trap: reason=unhandled action=none pc=0x000001c33bb957f0 method=javax.crypto.Cipher.checkCipherState()V @ 23
Event: 1177.830 Thread 0x000001c35215c000 Uncommon trap: reason=unhandled action=none pc=0x000001c33bb957f0 method=javax.crypto.Cipher.checkCipherState()V @ 23

Classes redefined (3 events):
Event: 977.060 Thread 0x000001c34f81c800 redefined class name=betfair.dao.HistoricoCorridas, count=1
Event: 999.974 Thread 0x000001c34f81c800 redefined class name=betfair.dao.HistoricoCorridas, count=2
Event: 1177.991 Thread 0x000001c34f81c800 redefined class name=betfair.dao.HistoricoCorridas, count=3

Internal exceptions (10 events):
Event: 1162.513 Thread 0x000001c34f852000 Exception <a 'java/net/SocketException': Socket closed> (0x00000000d5e32980) thrown at [C:\jenkins\workspace\8-2-build-windows-amd64-cygwin\jdk8u271\605\hotspot\src\share\vm\prims\jni.cpp, line 737]
Event: 1162.514 Thread 0x000001c34f852000 Exception <a 'java/net/SocketException': Socket closed> (0x00000000d5e342d0) thrown at [C:\jenkins\workspace\8-2-build-windows-amd64-cygwin\jdk8u271\605\hotspot\src\share\vm\prims\jni.cpp, line 737]
Event: 1173.592 Thread 0x000001c34f852000 Exception <a 'java/net/SocketException': Socket closed> (0x00000000d5e58e98) thrown at [C:\jenkins\workspace\8-2-build-windows-amd64-cygwin\jdk8u271\605\hotspot\src\share\vm\prims\jni.cpp, line 737]
Event: 1173.593 Thread 0x000001c34f852000 Exception <a 'java/net/SocketException': Socket closed> (0x00000000d5e5a690) thrown at [C:\jenkins\workspace\8-2-build-windows-amd64-cygwin\jdk8u271\605\hotspot\src\share\vm\prims\jni.cpp, line 737]
Event: 1173.593 Thread 0x000001c34f852000 Exception <a 'java/net/SocketException': Socket closed> (0x00000000d5e5be98) thrown at [C:\jenkins\workspace\8-2-build-windows-amd64-cygwin\jdk8u271\605\hotspot\src\share\vm\prims\jni.cpp, line 737]
Event: 1173.594 Thread 0x000001c34f852000 Exception <a 'java/net/SocketException': Socket closed> (0x00000000d5e5d718) thrown at [C:\jenkins\workspace\8-2-build-windows-amd64-cygwin\jdk8u271\605\hotspot\src\share\vm\prims\jni.cpp, line 737]
Event: 1173.595 Thread 0x000001c34f852000 Exception <a 'java/net/SocketException': Socket closed> (0x00000000d5e5eee8) thrown at [C:\jenkins\workspace\8-2-build-windows-amd64-cygwin\jdk8u271\605\hotspot\src\share\vm\prims\jni.cpp, line 737]
Event: 1173.596 Thread 0x000001c34f852000 Exception <a 'java/net/SocketException': Socket closed> (0x00000000d5e60688) thrown at [C:\jenkins\workspace\8-2-build-windows-amd64-cygwin\jdk8u271\605\hotspot\src\share\vm\prims\jni.cpp, line 737]
Event: 1173.596 Thread 0x000001c34f852000 Exception <a 'java/net/SocketException': Socket closed> (0x00000000d5e61e80) thrown at [C:\jenkins\workspace\8-2-build-windows-amd64-cygwin\jdk8u271\605\hotspot\src\share\vm\prims\jni.cpp, line 737]
Event: 1176.961 Thread 0x000001c34f852000 Exception <a 'java/net/SocketException': Socket closed> (0x00000000d5e33fd8) thrown at [C:\jenkins\workspace\8-2-build-windows-amd64-cygwin\jdk8u271\605\hotspot\src\share\vm\prims\jni.cpp, line 737]

Events (10 events):
Event: 1178.064 Executing VM operation: GetOwnedMonitorInfo done
Event: 1178.068 Executing VM operation: GetCurrentContendedMonitor
Event: 1178.068 Executing VM operation: GetCurrentContendedMonitor done
Event: 1178.069 Executing VM operation: GetOwnedMonitorInfo
Event: 1178.069 Executing VM operation: GetOwnedMonitorInfo done
Event: 1178.083 Executing VM operation: GetOwnedMonitorInfo
Event: 1178.083 Executing VM operation: GetOwnedMonitorInfo done
Event: 1178.084 Executing VM operation: GetCurrentContendedMonitor
Event: 1178.084 Executing VM operation: GetCurrentContendedMonitor done
Event: 1178.117 Executing VM operation: GetOrSetLocal


Dynamic libraries:
0x00007ff6b7610000 - 0x00007ff6b7657000 	C:\Program Files\Java\jre1.8.0_271\bin\javaw.exe
0x00007ffb5eae0000 - 0x00007ffb5ecd0000 	C:\WINDOWS\SYSTEM32\ntdll.dll
0x00007ffb5cff0000 - 0x00007ffb5d0a2000 	C:\WINDOWS\System32\KERNEL32.DLL
0x00007ffb5c690000 - 0x00007ffb5c935000 	C:\WINDOWS\System32\KERNELBASE.dll
0x000000005fc50000 - 0x000000005fcf6000 	C:\WINDOWS\System32\SYSFER.DLL
0x000000005c970000 - 0x000000005cc9b000 	C:\ProgramData\Symantec\Symantec Endpoint Protection\14.3.1169.0100.105\Data\Definitions\IPSDefs\20210809.063\IPSEng64.dll
0x00007ffb5de00000 - 0x00007ffb5dea3000 	C:\WINDOWS\System32\ADVAPI32.dll
0x00007ffb5d0e0000 - 0x00007ffb5d17e000 	C:\WINDOWS\System32\msvcrt.dll
0x00007ffb5dd50000 - 0x00007ffb5dde7000 	C:\WINDOWS\System32\sechost.dll
0x00007ffb5e030000 - 0x00007ffb5e150000 	C:\WINDOWS\System32\RPCRT4.dll
0x00007ffb5ccf0000 - 0x00007ffb5ccf8000 	C:\WINDOWS\System32\PSAPI.DLL
0x00007ffb5e2c0000 - 0x00007ffb5e454000 	C:\WINDOWS\System32\USER32.dll
0x00007ffb5ba50000 - 0x00007ffb5ba71000 	C:\WINDOWS\System32\win32u.dll
0x00007ffb5dbb0000 - 0x00007ffb5dbd6000 	C:\WINDOWS\System32\GDI32.dll
0x00007ffb5c440000 - 0x00007ffb5c5d6000 	C:\WINDOWS\System32\gdi32full.dll
0x00007ffb5bc10000 - 0x00007ffb5bcae000 	C:\WINDOWS\System32\msvcp_win.dll
0x00007ffb5bae0000 - 0x00007ffb5bbda000 	C:\WINDOWS\System32\ucrtbase.dll
0x00007ffb4be60000 - 0x00007ffb4c0e4000 	C:\WINDOWS\WinSxS\amd64_microsoft.windows.common-controls_6595b64144ccf1df_6.0.18362.1256_none_9e7e379be45e40e2\COMCTL32.dll
0x00007ffb5d870000 - 0x00007ffb5dba6000 	C:\WINDOWS\System32\combase.dll
0x00007ffb5c5e0000 - 0x00007ffb5c661000 	C:\WINDOWS\System32\bcryptPrimitives.dll
0x00007ffb5d0b0000 - 0x00007ffb5d0de000 	C:\WINDOWS\System32\IMM32.DLL
0x00007ffb2f0c0000 - 0x00007ffb2f0d5000 	C:\Program Files\Java\jre1.8.0_271\bin\vcruntime140.dll
0x00007ffb040a0000 - 0x00007ffb0413b000 	C:\Program Files\Java\jre1.8.0_271\bin\msvcp140.dll
0x000000005cfd0000 - 0x000000005d83f000 	C:\Program Files\Java\jre1.8.0_271\bin\server\jvm.dll
0x00007ffb4c4f0000 - 0x00007ffb4c4f9000 	C:\WINDOWS\SYSTEM32\WSOCK32.dll
0x00007ffb5ea30000 - 0x00007ffb5ea9f000 	C:\WINDOWS\System32\WS2_32.dll
0x00007ffb59b00000 - 0x00007ffb59b24000 	C:\WINDOWS\SYSTEM32\WINMM.dll
0x00007ffb551b0000 - 0x00007ffb551ba000 	C:\WINDOWS\SYSTEM32\VERSION.dll
0x00007ffb59a80000 - 0x00007ffb59aad000 	C:\WINDOWS\SYSTEM32\WINMMBASE.dll
0x00007ffb5ca90000 - 0x00007ffb5cada000 	C:\WINDOWS\System32\cfgmgr32.dll
0x00007ffb5ba30000 - 0x00007ffb5ba41000 	C:\WINDOWS\System32\kernel.appcore.dll
0x00007ffb4aad0000 - 0x00007ffb4aae0000 	C:\Program Files\Java\jre1.8.0_271\bin\verify.dll
0x00007ffb2f200000 - 0x00007ffb2f22b000 	C:\Program Files\Java\jre1.8.0_271\bin\java.dll
0x00007ffb05de0000 - 0x00007ffb05e16000 	C:\Program Files\Java\jre1.8.0_271\bin\jdwp.dll
0x00007ffb4aac0000 - 0x00007ffb4aac9000 	C:\Program Files\Java\jre1.8.0_271\bin\npt.dll
0x00007ffb05290000 - 0x00007ffb052c0000 	C:\Program Files\Java\jre1.8.0_271\bin\instrument.dll
0x00007ffb47590000 - 0x00007ffb475a8000 	C:\Program Files\Java\jre1.8.0_271\bin\zip.dll
0x00007ffb5d180000 - 0x00007ffb5d867000 	C:\WINDOWS\System32\SHELL32.dll
0x00007ffb5e210000 - 0x00007ffb5e2b9000 	C:\WINDOWS\System32\shcore.dll
0x00007ffb5bcb0000 - 0x00007ffb5c431000 	C:\WINDOWS\System32\windows.storage.dll
0x00007ffb5ba00000 - 0x00007ffb5ba23000 	C:\WINDOWS\System32\profapi.dll
0x00007ffb5b9b0000 - 0x00007ffb5b9fa000 	C:\WINDOWS\System32\powrprof.dll
0x00007ffb5b980000 - 0x00007ffb5b990000 	C:\WINDOWS\System32\UMPDC.dll
0x00007ffb5e1b0000 - 0x00007ffb5e202000 	C:\WINDOWS\System32\shlwapi.dll
0x00007ffb5c670000 - 0x00007ffb5c687000 	C:\WINDOWS\System32\cryptsp.dll
0x00007ffb42390000 - 0x00007ffb4239a000 	C:\Program Files\Java\jre1.8.0_271\bin\dt_socket.dll
0x00007ffb36b50000 - 0x00007ffb36b66000 	C:\WINDOWS\system32\napinsp.dll
0x00007ffb36b30000 - 0x00007ffb36b4a000 	C:\WINDOWS\system32\pnrpnsp.dll
0x00007ffb5b170000 - 0x00007ffb5b1d7000 	C:\WINDOWS\System32\mswsock.dll
0x00007ffb5aec0000 - 0x00007ffb5af8b000 	C:\WINDOWS\SYSTEM32\DNSAPI.dll
0x00007ffb5dbe0000 - 0x00007ffb5dbe8000 	C:\WINDOWS\System32\NSI.dll
0x00007ffb5ae80000 - 0x00007ffb5aeba000 	C:\WINDOWS\SYSTEM32\IPHLPAPI.DLL
0x00007ffb36b20000 - 0x00007ffb36b2e000 	C:\WINDOWS\System32\winrnr.dll
0x00007ffb58280000 - 0x00007ffb5829c000 	C:\WINDOWS\system32\NLAapi.dll
0x00007ffb36b00000 - 0x00007ffb36b15000 	C:\WINDOWS\system32\wshbth.dll
0x00007ffb56f60000 - 0x00007ffb56fd7000 	C:\WINDOWS\System32\fwpuclnt.dll
0x00007ffb5bbe0000 - 0x00007ffb5bc06000 	C:\WINDOWS\System32\bcrypt.dll
0x00007ffb54ac0000 - 0x00007ffb54aca000 	C:\Windows\System32\rasadhlp.dll
0x00007ffb18b50000 - 0x00007ffb18b74000 	C:\Program Files\Java\jre1.8.0_271\bin\sunec.dll
0x00007ffb423f0000 - 0x00007ffb4240c000 	C:\Program Files\Java\jre1.8.0_271\bin\net.dll
0x00007ffb57000000 - 0x00007ffb57016000 	C:\WINDOWS\SYSTEM32\dhcpcsvc6.DLL
0x00007ffb56fe0000 - 0x00007ffb56ffc000 	C:\WINDOWS\SYSTEM32\dhcpcsvc.DLL
0x00007ffb34160000 - 0x00007ffb34173000 	C:\Program Files\Java\jre1.8.0_271\bin\nio.dll
0x00007ffb5ace0000 - 0x00007ffb5ad13000 	C:\WINDOWS\system32\rsaenh.dll
0x00007ffb5b8a0000 - 0x00007ffb5b8c5000 	C:\WINDOWS\SYSTEM32\USERENV.dll
0x00007ffb5b340000 - 0x00007ffb5b34c000 	C:\WINDOWS\SYSTEM32\CRYPTBASE.dll
0x00007ffb421d0000 - 0x00007ffb421dd000 	C:\Program Files\Java\jre1.8.0_271\bin\sunmscapi.dll
0x00007ffb5c940000 - 0x00007ffb5ca89000 	C:\WINDOWS\System32\CRYPT32.dll
0x00007ffb5b990000 - 0x00007ffb5b9a2000 	C:\WINDOWS\System32\MSASN1.dll
0x00007ffb5b440000 - 0x00007ffb5b466000 	C:\WINDOWS\SYSTEM32\ncrypt.dll
0x00007ffb5b400000 - 0x00007ffb5b43b000 	C:\WINDOWS\SYSTEM32\NTASN1.dll
0x00007ffb42b40000 - 0x00007ffb42d34000 	C:\WINDOWS\SYSTEM32\dbghelp.dll

VM Arguments:
jvm_args: -agentlib:jdwp=transport=dt_socket,suspend=y,address=localhost:58856 -javaagent:C:\eclipse-WAS\configuration\org.eclipse.osgi\221\0\.cp\lib\javaagent-shaded.jar -Dfile.encoding=UTF-8 
java_command: com.betfair.aping.InicioJob
java_class_path (initial): C:\eclipse-WAS\workspaceHome\JobBetfair\target\classes;C:\eclipse-WAS\workspaceHome\JobBetfair\src\lib\postgresql-42.2.14.jar;C:\Users\alisson.oliveira\Downloads\mongo-java-driver-3.12.7.jar;C:\Users\alisson.oliveira\.m2\repository\com\google\code\gson\gson\2.2.4\gson-2.2.4.jar;C:\Users\alisson.oliveira\.m2\repository\org\apache\httpcomponents\httpclient\4.3.4\httpclient-4.3.4.jar;C:\Users\alisson.oliveira\.m2\repository\org\apache\httpcomponents\httpcore\4.3.2\httpcore-4.3.2.jar;C:\Users\alisson.oliveira\.m2\repository\commons-logging\commons-logging\1.1.3\commons-logging-1.1.3.jar;C:\Users\alisson.oliveira\.m2\repository\commons-codec\commons-codec\1.6\commons-codec-1.6.jar;C:\Users\alisson.oliveira\.m2\repository\com\sun\jersey\jersey-client\1.18.1\jersey-client-1.18.1.jar;C:\Users\alisson.oliveira\.m2\repository\com\sun\jersey\jersey-core\1.18.1\jersey-core-1.18.1.jar;C:\Users\alisson.oliveira\.m2\repository\com\fasterxml\jackson\core\jackson-annotations\2.9.6\jackson-annotations-2.9.6.jar;C:\Users\alisson.oliveira\.m2\repository\com\fasterxml\jackson\core\jackson-databind\2.9.8\jackson-databind-2.9.8.jar;C:\Users\alisson.oliveira\.m2\repository\com\fasterxml\jackson\core\jackson-core\2.9.8\jackson-core-2.9.8.jar;C:\Users\alisson.oliveira\.m2\repository\org\slf4j\slf4j-api\1.8.0-beta1\slf4j-api-1.8.0-beta1.jar;C:\Users\alisson.oliveira\.m2\repository\javax\ws\rs\javax.ws.rs-api\2.1-m09\javax.ws.rs-api-2.1-m09.jar;C:\eclipse-WAS\configuration\org.eclipse.osgi\221\0\.cp\lib\javaagent-shaded.jar
Launcher Type: SUN_STANDARD

Environment Variables:
JAVA_HOME=C:\Program Files\Java\jdk1.8.0_211
CLASSPATH=C:\Program Files\Java\jdk1.8.0_211\lib\tools.jar
PATH=C:/Program Files/Java/jre1.8.0_271/bin/server;C:/Program Files/Java/jre1.8.0_271/bin;C:/Program Files/Java/jre1.8.0_271/lib/amd64;C:\Program Files (x86)\Common Files\Oracle\Java\javapath;C:\WINDOWS\system32;C:\WINDOWS;C:\WINDOWS\System32\Wbem;C:\WINDOWS\System32\WindowsPowerShell\v1.0\;C:\WINDOWS\System32\OpenSSH\;C:\Program Files\ibm\gsk8\lib64;C:\Program Files (x86)\ibm\gsk8\lib;C:\PROGRA~1\IBM\SQLLIB\BIN;C:\PROGRA~1\IBM\SQLLIB\FUNCTION;C:\PROGRA~1\IBM\SQLLIB\SAMPLES\REPL;c:\Program Files (x86)\Microsoft SQL Server\100\Tools\Binn\VSShell\Common7\IDE\;c:\Program Files (x86)\Microsoft SQL Server\100\Tools\Binn\;c:\Program Files\Microsoft SQL Server\100\Tools\Binn\;c:\Program Files (x86)\Microsoft SQL Server\100\DTS\Binn\;C:\Program Files\Java\jdk1.8.0_211\bin;C:\Program Files\Git\cmd;C:\Program Files\TortoiseSVN\bin;C:\apache-maven-3.0.4\bin;C:\Program Files\dotnet\;C:\Program Files\Microsoft SQL Server\130\Tools\Binn\;C:\Program Files\Microsoft SQL Server\Client SDK\ODBC\170\Tools\Binn\;C:\Program Files\nodejs\;C:\Program Files (x86)\Yarn\bin\;C:\Program Files\PuTTY\;C:\PHP;C:\ProgramData\ComposerSetup\bin;C:\Program Files\MySQL\MySQL Server 8.0\bin;C:\Users\alisson.oliveira\AppData\Local\Programs\Python\Python38-32\Scripts\;C:\Users\alisson.oliveira\AppData\Local\Programs\Python\Python38-32\;C:\Users\alisson.oliveira\AppData\Local\Microsoft\WindowsApps;;C:\Users\alisson.oliveira\AppData\Local\Programs\Microsoft VS Code\bin;C:\Users\alisson.oliveira\AppData\Roaming\npm;C:\Program Files\JetBrains\IntelliJ IDEA Educational Edition 2019.3.3\bin;;C:\Program Files\JetBrains\IntelliJ IDEA 2019.3.4\bin;;C:\Users\alisson.oliveira\AppData\Local\Yarn\bin;C:\Program Files\heroku\bin;C:\Users\alisson.oliveira\AppData\Roaming\Composer\vendor\bin;C:\eclipse-WAS;
USERNAME=Alisson.Oliveira
OS=Windows_NT
PROCESSOR_IDENTIFIER=Intel64 Family 6 Model 94 Stepping 3, GenuineIntel



---------------  S Y S T E M  ---------------

OS: Windows 10.0 , 64 bit Build 18362 (10.0.18362.1110)

CPU:total 4 (initial active 4) (4 cores per cpu, 1 threads per core) family 6 model 94 stepping 3, cmov, cx8, fxsr, mmx, sse, sse2, sse3, ssse3, sse4.1, sse4.2, popcnt, avx, avx2, aes, clmul, erms, rtm, 3dnowpref, lzcnt, tsc, tscinvbit, bmi1, bmi2, adx

Memory: 4k page, physical 8287408k(333172k free), swap 22443184k(7364576k free)

vm_info: Java HotSpot(TM) 64-Bit Server VM (25.271-b09) for windows-amd64 JRE (1.8.0_271-b09), built on Sep 16 2020 19:14:59 by "" with MS VC++ 15.9 (VS2017)

time: Wed Aug 11 11:24:39 2021
timezone: Hora oficial do Brasil
elapsed time: 1178.214933 seconds (0d 0h 19m 38s)

