#
# A fatal error has been detected by the Java Runtime Environment:
#
#  EXCEPTION_ACCESS_VIOLATION (0xc0000005) at pc=0x00000000676bb44f, pid=20644, tid=0x00000000000059d4
#
# JRE version: Java(TM) SE Runtime Environment (8.0_271-b09) (build 1.8.0_271-b09)
# Java VM: Java HotSpot(TM) 64-Bit Server VM (25.271-b09 mixed mode windows-amd64 compressed oops)
# Problematic frame:
# V  [jvm.dll+0xdb44f]
#
# Failed to write core dump. Minidumps are not enabled by default on client versions of Windows
#
# If you would like to submit a bug report, please visit:
#   http://bugreport.java.com/bugreport/crash.jsp
#

---------------  T H R E A D  ---------------

Current thread (0x000001d236993000):  JavaThread "Thread-1790" [_thread_in_vm, id=22996, stack(0x00000014aee00000,0x00000014aef00000)]

siginfo: ExceptionCode=0xc0000005, reading address 0x00000004c8002dc8

Registers:
RAX=0x0000000000000200, RBX=0x000000010024fe10, RCX=0x0000000000000018, RDX=0x00000014aeefea40
RSP=0x00000014aeefe820, RBP=0x00000014aeefe920, RSI=0x000001d2397ec708, RDI=0x00000004c8002db0
R8 =0x000000010024fe10, R9 =0x000001d2397ec708, R10=0x00000000675e0000, R11=0x00000014aeefe850
R12=0x0000000000000001, R13=0x000001d2361ae990, R14=0x00000014aeefea40, R15=0x000001d236993000
RIP=0x00000000676bb44f, EFLAGS=0x0000000000010246

Top of Stack: (sp=0x00000014aeefe820)
0x00000014aeefe820:   000001d238fb2de0 00000000000003d8
0x00000014aeefe830:   000001d23a288cc8 000001d238fb2df0
0x00000014aeefe840:   000001d238fb31c8 000000006762428a
0x00000014aeefe850:   000001d23a873300 00000014aeefea40
0x00000014aeefe860:   000001d2361ae990 00000014aeefebc0
0x00000014aeefe870:   000000010024fe10 00000000676b9234
0x00000014aeefe880:   00000014aeefea40 0000000100244318
0x00000014aeefe890:   00000014aeefeb09 000001d236993000
0x00000014aeefe8a0:   0000000100244318 0000000067bac310
0x00000014aeefe8b0:   000001d236993000 0000000000000004
0x00000014aeefe8c0:   00000014aeefe970 000001d23a288cc8
0x00000014aeefe8d0:   000001d236993000 000001d236993000
0x00000014aeefe8e0:   000001d236993000 0000000000000000
0x00000014aeefe8f0:   000001d236993000 0000000000000000
0x00000014aeefe900:   000001d23a3492c8 000001d236993000
0x00000014aeefe910:   000001d236993000 0000000100273db8 

Instructions: (pc=0x00000000676bb44f)
0x00000000676bb42f:   2d ad 00 00 48 89 77 10 4c 89 67 18 4c 89 6f 20
0x00000000676bb43f:   e9 3f 08 00 00 41 8b 48 0c 48 8b bd 00 01 00 00
0x00000000676bb44f:   48 39 1c 39 0f 84 c0 00 00 00 83 f9 18 75 13 48
0x00000000676bb45f:   8b d3 48 8b cf e8 77 37 06 00 84 c0 0f 85 a8 00 


Register to memory mapping:

RAX=0x0000000000000200 is an unknown value
RBX=0x000000010024fe10 is pointing into metadata
RCX=0x0000000000000018 is an unknown value
RDX=0x00000014aeefea40 is pointing into the stack for thread: 0x000001d236993000
RSP=0x00000014aeefe820 is pointing into the stack for thread: 0x000001d236993000
RBP=0x00000014aeefe920 is pointing into the stack for thread: 0x000001d236993000
RSI=0x000001d2397ec708 is an unknown value
RDI=0x00000004c8002db0 is an unknown value
R8 =0x000000010024fe10 is pointing into metadata
R9 =0x000001d2397ec708 is an unknown value
R10=0x00000000675e0000 is an unknown value
R11=0x00000014aeefe850 is pointing into the stack for thread: 0x000001d236993000
R12=0x0000000000000001 is an unknown value
R13=0x000001d2361ae990 is an unknown value
R14=0x00000014aeefea40 is pointing into the stack for thread: 0x000001d236993000
R15=0x000001d236993000 is a thread


Stack: [0x00000014aee00000,0x00000014aef00000],  sp=0x00000014aeefe820,  free space=1018k
Native frames: (J=compiled Java code, j=interpreted, Vv=VM code, C=native code)
V  [jvm.dll+0xdb44f]
V  [jvm.dll+0xd8d69]
V  [jvm.dll+0xd985f]
V  [jvm.dll+0xd416d]
C  0x000001d2200b9e9c

Java frames: (J=compiled Java code, j=interpreted, Vv=VM code)
j  betfair.dao.HistoricoCorridas.pesquisarCorrida(Ljava/util/List;Ljava/lang/Double;)Lcom/betfair/aping/entities/ResultadoStatusCorridaVO;+173
J 7132% C2 com.betfair.aping.InicioJob.cadastrarCorridaWin(Ljava/util/List;Ljava/lang/String;)V (1897 bytes) @ 0x000001d22187b220 [0x000001d221870460+0xadc0]
J 6855 C1 com.betfair.aping.InicioJob$1.run()V (240 bytes) @ 0x000001d220b9806c [0x000001d220b96b80+0x14ec]
v  ~StubRoutines::call_stub

---------------  P R O C E S S  ---------------

Java Threads: ( => current thread )
  0x000001d23698d000 JavaThread "Thread-2174" [_thread_blocked, id=23440, stack(0x00000014af000000,0x00000014af100000)]
  0x000001d23698f800 JavaThread "Thread-2078" [_thread_blocked, id=22760, stack(0x00000014b0500000,0x00000014b0600000)]
=>0x000001d236993000 JavaThread "Thread-1790" [_thread_in_vm, id=22996, stack(0x00000014aee00000,0x00000014aef00000)]
  0x000001d236587800 JavaThread "Thread-245" daemon [_thread_in_native, id=24352, stack(0x00000014aef00000,0x00000014af000000)]
  0x000001d235f83000 JavaThread "Service Thread" daemon [_thread_blocked, id=20948, stack(0x00000014b0200000,0x00000014b0300000)]
  0x000001d235ee6800 JavaThread "C1 CompilerThread2" daemon [_thread_blocked, id=16580, stack(0x00000014b0100000,0x00000014b0200000)]
  0x000001d235ee1000 JavaThread "C2 CompilerThread1" daemon [_thread_blocked, id=21372, stack(0x00000014b0000000,0x00000014b0100000)]
  0x000001d235ede800 JavaThread "C2 CompilerThread0" daemon [_thread_blocked, id=908, stack(0x00000014aff00000,0x00000014b0000000)]
  0x000001d234907800 JavaThread "JDWP Command Reader" daemon [_thread_in_native, id=15716, stack(0x00000014afe00000,0x00000014aff00000)]
  0x000001d234905000 JavaThread "JDWP Event Helper Thread" daemon [_thread_blocked, id=12488, stack(0x00000014afd00000,0x00000014afe00000)]
  0x000001d234904000 JavaThread "JDWP Transport Listener: dt_socket" daemon [_thread_blocked, id=18580, stack(0x00000014afc00000,0x00000014afd00000)]
  0x000001d2348eb000 JavaThread "Attach Listener" daemon [_thread_blocked, id=12660, stack(0x00000014afb00000,0x00000014afc00000)]
  0x000001d2348df000 JavaThread "Signal Dispatcher" daemon [_thread_blocked, id=13520, stack(0x00000014afa00000,0x00000014afb00000)]
  0x000001d2348b9000 JavaThread "Finalizer" daemon [_thread_blocked, id=24536, stack(0x00000014af900000,0x00000014afa00000)]
  0x000001d23488d800 JavaThread "Reference Handler" daemon [_thread_blocked, id=23136, stack(0x00000014af800000,0x00000014af900000)]
  0x000001d21e6c3000 JavaThread "main" [_thread_blocked, id=24232, stack(0x00000014af200000,0x00000014af300000)]

Other Threads:
  0x000001d234888000 VMThread [stack: 0x00000014af700000,0x00000014af800000] [id=16172]
  0x000001d236016800 WatcherThread [stack: 0x00000014b0300000,0x00000014b0400000] [id=13460]

VM state:not at safepoint (normal execution)

VM Mutex/Monitor currently owned by a thread: None

heap address: 0x0000000081800000, size: 2024 MB, Compressed Oops mode: 32-bit
Narrow klass base: 0x0000000000000000, Narrow klass shift: 3
Compressed class space size: 1073741824 Address: 0x0000000100000000

Heap:
 PSYoungGen      total 18944K, used 5209K [0x00000000d5d80000, 0x00000000d7300000, 0x0000000100000000)
  eden space 15872K, 17% used [0x00000000d5d80000,0x00000000d6046348,0x00000000d6d00000)
  from space 3072K, 77% used [0x00000000d6d00000,0x00000000d6f500e0,0x00000000d7000000)
  to   space 3072K, 0% used [0x00000000d7000000,0x00000000d7000000,0x00000000d7300000)
 ParOldGen       total 58880K, used 46274K [0x0000000081800000, 0x0000000085180000, 0x00000000d5d80000)
  object space 58880K, 78% used [0x0000000081800000,0x0000000084530ab0,0x0000000085180000)
 Metaspace       used 27124K, capacity 27356K, committed 27648K, reserved 1073152K
  class space    used 2932K, capacity 3020K, committed 3072K, reserved 1048576K

Card table byte_map: [0x000001d22f440000,0x000001d22f840000] byte_map_base: 0x000001d22f034000

Marking Bits: (ParMarkBitMap*) 0x0000000067dd7fe0
 Begin Bits: [0x000001d22faf0000, 0x000001d231a90000)
 End Bits:   [0x000001d231a90000, 0x000001d233a30000)

Polling page: 0x000001d21e890000

CodeCache: size=245760Kb used=23761Kb max_used=24169Kb free=221998Kb
 bounds [0x000001d220080000, 0x000001d2218b0000, 0x000001d22f080000]
 total_blobs=5822 nmethods=5341 adapters=400
 compilation: enabled

Compilation events (10 events):
Event: 2699.531 Thread 0x000001d235ede800 7198       4       sun.security.ssl.SSLSocketImpl::shutdownInput (6 bytes)
Event: 2699.532 Thread 0x000001d235ede800 nmethod 7198 0x000001d220ab0690 code [0x000001d220ab07e0, 0x000001d220ab0868]
Event: 2741.772 Thread 0x000001d235ee6800 7199       3       java.util.Hashtable::<init> (114 bytes)
Event: 2741.775 Thread 0x000001d235ee6800 nmethod 7199 0x000001d220fd6050 code [0x000001d220fd6340, 0x000001d220fd7780]
Event: 2741.776 Thread 0x000001d235ee6800 7200       3       java.util.Dictionary::<init> (5 bytes)
Event: 2741.776 Thread 0x000001d235ee6800 nmethod 7200 0x000001d22109fd50 code [0x000001d22109fec0, 0x000001d2210a0078]
Event: 2741.872 Thread 0x000001d235ee1000 7201       4       sun.security.ssl.ProtocolVersion::useTLS12PlusSpec (37 bytes)
Event: 2741.872 Thread 0x000001d235ede800 7202       4       sun.security.ssl.SSLAlgorithmConstraints$SupportedSignatureAlgorithmConstraints::<init> (28 bytes)
Event: 2741.874 Thread 0x000001d235ede800 nmethod 7202 0x000001d22032e2d0 code [0x000001d22032e420, 0x000001d22032e558]
Event: 2741.876 Thread 0x000001d235ee1000 nmethod 7201 0x000001d220e43110 code [0x000001d220e43260, 0x000001d220e43698]

GC Heap History (10 events):
Event: 2732.643 GC heap before
{Heap before GC invocations=920 (full 19):
 PSYoungGen      total 18944K, used 17728K [0x00000000d5d80000, 0x00000000d7300000, 0x0000000100000000)
  eden space 15872K, 100% used [0x00000000d5d80000,0x00000000d6d00000,0x00000000d6d00000)
  from space 3072K, 60% used [0x00000000d7000000,0x00000000d71d00a0,0x00000000d7300000)
  to   space 3072K, 0% used [0x00000000d6d00000,0x00000000d6d00000,0x00000000d7000000)
 ParOldGen       total 58880K, used 42349K [0x0000000081800000, 0x0000000085180000, 0x00000000d5d80000)
  object space 58880K, 71% used [0x0000000081800000,0x000000008415b600,0x0000000085180000)
 Metaspace       used 27123K, capacity 27356K, committed 27648K, reserved 1073152K
  class space    used 2932K, capacity 3020K, committed 3072K, reserved 1048576K
Event: 2732.646 GC heap after
Heap after GC invocations=920 (full 19):
 PSYoungGen      total 18944K, used 2688K [0x00000000d5d80000, 0x00000000d7300000, 0x0000000100000000)
  eden space 15872K, 0% used [0x00000000d5d80000,0x00000000d5d80000,0x00000000d6d00000)
  from space 3072K, 87% used [0x00000000d6d00000,0x00000000d6fa0100,0x00000000d7000000)
  to   space 3072K, 0% used [0x00000000d7000000,0x00000000d7000000,0x00000000d7300000)
 ParOldGen       total 58880K, used 42765K [0x0000000081800000, 0x0000000085180000, 0x00000000d5d80000)
  object space 58880K, 72% used [0x0000000081800000,0x00000000841c3710,0x0000000085180000)
 Metaspace       used 27123K, capacity 27356K, committed 27648K, reserved 1073152K
  class space    used 2932K, capacity 3020K, committed 3072K, reserved 1048576K
}
Event: 2734.808 GC heap before
{Heap before GC invocations=921 (full 19):
 PSYoungGen      total 18944K, used 18560K [0x00000000d5d80000, 0x00000000d7300000, 0x0000000100000000)
  eden space 15872K, 100% used [0x00000000d5d80000,0x00000000d6d00000,0x00000000d6d00000)
  from space 3072K, 87% used [0x00000000d6d00000,0x00000000d6fa0100,0x00000000d7000000)
  to   space 3072K, 0% used [0x00000000d7000000,0x00000000d7000000,0x00000000d7300000)
 ParOldGen       total 58880K, used 42765K [0x0000000081800000, 0x0000000085180000, 0x00000000d5d80000)
  object space 58880K, 72% used [0x0000000081800000,0x00000000841c3710,0x0000000085180000)
 Metaspace       used 27123K, capacity 27356K, committed 27648K, reserved 1073152K
  class space    used 2932K, capacity 3020K, committed 3072K, reserved 1048576K
Event: 2734.811 GC heap after
Heap after GC invocations=921 (full 19):
 PSYoungGen      total 18944K, used 1888K [0x00000000d5d80000, 0x00000000d7300000, 0x0000000100000000)
  eden space 15872K, 0% used [0x00000000d5d80000,0x00000000d5d80000,0x00000000d6d00000)
  from space 3072K, 61% used [0x00000000d7000000,0x00000000d71d80a0,0x00000000d7300000)
  to   space 3072K, 0% used [0x00000000d6d00000,0x00000000d6d00000,0x00000000d7000000)
 ParOldGen       total 58880K, used 43369K [0x0000000081800000, 0x0000000085180000, 0x00000000d5d80000)
  object space 58880K, 73% used [0x0000000081800000,0x000000008425a7c0,0x0000000085180000)
 Metaspace       used 27123K, capacity 27356K, committed 27648K, reserved 1073152K
  class space    used 2932K, capacity 3020K, committed 3072K, reserved 1048576K
}
Event: 2737.286 GC heap before
{Heap before GC invocations=922 (full 19):
 PSYoungGen      total 18944K, used 17760K [0x00000000d5d80000, 0x00000000d7300000, 0x0000000100000000)
  eden space 15872K, 100% used [0x00000000d5d80000,0x00000000d6d00000,0x00000000d6d00000)
  from space 3072K, 61% used [0x00000000d7000000,0x00000000d71d80a0,0x00000000d7300000)
  to   space 3072K, 0% used [0x00000000d6d00000,0x00000000d6d00000,0x00000000d7000000)
 ParOldGen       total 58880K, used 43369K [0x0000000081800000, 0x0000000085180000, 0x00000000d5d80000)
  object space 58880K, 73% used [0x0000000081800000,0x000000008425a7c0,0x0000000085180000)
 Metaspace       used 27123K, capacity 27356K, committed 27648K, reserved 1073152K
  class space    used 2932K, capacity 3020K, committed 3072K, reserved 1048576K
Event: 2737.290 GC heap after
Heap after GC invocations=922 (full 19):
 PSYoungGen      total 18944K, used 2368K [0x00000000d5d80000, 0x00000000d7300000, 0x0000000100000000)
  eden space 15872K, 0% used [0x00000000d5d80000,0x00000000d5d80000,0x00000000d6d00000)
  from space 3072K, 77% used [0x00000000d6d00000,0x00000000d6f500e0,0x00000000d7000000)
  to   space 3072K, 0% used [0x00000000d7000000,0x00000000d7000000,0x00000000d7300000)
 ParOldGen       total 58880K, used 44398K [0x0000000081800000, 0x0000000085180000, 0x00000000d5d80000)
  object space 58880K, 75% used [0x0000000081800000,0x000000008435b8c0,0x0000000085180000)
 Metaspace       used 27123K, capacity 27356K, committed 27648K, reserved 1073152K
  class space    used 2932K, capacity 3020K, committed 3072K, reserved 1048576K
}
Event: 2739.791 GC heap before
{Heap before GC invocations=923 (full 19):
 PSYoungGen      total 18944K, used 18240K [0x00000000d5d80000, 0x00000000d7300000, 0x0000000100000000)
  eden space 15872K, 100% used [0x00000000d5d80000,0x00000000d6d00000,0x00000000d6d00000)
  from space 3072K, 77% used [0x00000000d6d00000,0x00000000d6f500e0,0x00000000d7000000)
  to   space 3072K, 0% used [0x00000000d7000000,0x00000000d7000000,0x00000000d7300000)
 ParOldGen       total 58880K, used 44398K [0x0000000081800000, 0x0000000085180000, 0x00000000d5d80000)
  object space 58880K, 75% used [0x0000000081800000,0x000000008435b8c0,0x0000000085180000)
 Metaspace       used 27123K, capacity 27356K, committed 27648K, reserved 1073152K
  class space    used 2932K, capacity 3020K, committed 3072K, reserved 1048576K
Event: 2739.795 GC heap after
Heap after GC invocations=923 (full 19):
 PSYoungGen      total 18944K, used 2688K [0x00000000d5d80000, 0x00000000d7300000, 0x0000000100000000)
  eden space 15872K, 0% used [0x00000000d5d80000,0x00000000d5d80000,0x00000000d6d00000)
  from space 3072K, 87% used [0x00000000d7000000,0x00000000d72a0100,0x00000000d7300000)
  to   space 3072K, 0% used [0x00000000d6d00000,0x00000000d6d00000,0x00000000d7000000)
 ParOldGen       total 58880K, used 45334K [0x0000000081800000, 0x0000000085180000, 0x00000000d5d80000)
  object space 58880K, 76% used [0x0000000081800000,0x00000000844459b0,0x0000000085180000)
 Metaspace       used 27123K, capacity 27356K, committed 27648K, reserved 1073152K
  class space    used 2932K, capacity 3020K, committed 3072K, reserved 1048576K
}
Event: 2741.492 GC heap before
{Heap before GC invocations=924 (full 19):
 PSYoungGen      total 18944K, used 18560K [0x00000000d5d80000, 0x00000000d7300000, 0x0000000100000000)
  eden space 15872K, 100% used [0x00000000d5d80000,0x00000000d6d00000,0x00000000d6d00000)
  from space 3072K, 87% used [0x00000000d7000000,0x00000000d72a0100,0x00000000d7300000)
  to   space 3072K, 0% used [0x00000000d6d00000,0x00000000d6d00000,0x00000000d7000000)
 ParOldGen       total 58880K, used 45334K [0x0000000081800000, 0x0000000085180000, 0x00000000d5d80000)
  object space 58880K, 76% used [0x0000000081800000,0x00000000844459b0,0x0000000085180000)
 Metaspace       used 27123K, capacity 27356K, committed 27648K, reserved 1073152K
  class space    used 2932K, capacity 3020K, committed 3072K, reserved 1048576K
Event: 2741.494 GC heap after
Heap after GC invocations=924 (full 19):
 PSYoungGen      total 18944K, used 2368K [0x00000000d5d80000, 0x00000000d7300000, 0x0000000100000000)
  eden space 15872K, 0% used [0x00000000d5d80000,0x00000000d5d80000,0x00000000d6d00000)
  from space 3072K, 77% used [0x00000000d6d00000,0x00000000d6f500e0,0x00000000d7000000)
  to   space 3072K, 0% used [0x00000000d7000000,0x00000000d7000000,0x00000000d7300000)
 ParOldGen       total 58880K, used 46274K [0x0000000081800000, 0x0000000085180000, 0x00000000d5d80000)
  object space 58880K, 78% used [0x0000000081800000,0x0000000084530ab0,0x0000000085180000)
 Metaspace       used 27123K, capacity 27356K, committed 27648K, reserved 1073152K
  class space    used 2932K, capacity 3020K, committed 3072K, reserved 1048576K
}

Deoptimization events (10 events):
Event: 2741.498 Thread 0x000001d2348b9000 Uncommon trap: reason=unhandled action=none pc=0x000001d220dfba98 method=sun.security.ssl.TransportContext.fatal(Lsun/security/ssl/Alert;Ljava/lang/String;ZLjava/lang/Throwable;)Ljavax/net/ssl/SSLException; @ 561
Event: 2741.498 Thread 0x000001d2348b9000 Uncommon trap: reason=unhandled action=none pc=0x000001d2216037a8 method=java.net.AbstractPlainSocketImpl.getOption(I)Ljava/lang/Object; @ 16
Event: 2741.498 Thread 0x000001d2348b9000 Uncommon trap: reason=unhandled action=none pc=0x000001d22160341c method=java.net.Socket.getSoLinger()I @ 16
Event: 2741.498 Thread 0x000001d2348b9000 Uncommon trap: reason=unhandled action=none pc=0x000001d22154f7f4 method=java.net.Socket.shutdownOutput()V @ 16
Event: 2741.498 Thread 0x000001d2348b9000 Uncommon trap: reason=unhandled action=none pc=0x000001d220d96d28 method=com.sun.crypto.provider.GaloisCounterMode.decryptFinal([BII[BI)I @ 17
Event: 2741.498 Thread 0x000001d2348b9000 Uncommon trap: reason=unhandled action=none pc=0x000001d220b7d240 method=com.sun.crypto.provider.CipherCore.checkReinit()V @ 17
Event: 2741.538 Thread 0x000001d236993000 Uncommon trap: reason=unhandled action=none pc=0x000001d220b02b90 method=javax.crypto.Cipher.checkCipherState()V @ 23
Event: 2741.872 Thread 0x000001d236993000 Uncommon trap: reason=unhandled action=none pc=0x000001d2209d2bfc method=sun.security.x509.CertificateExtensions.get(Ljava/lang/String;)Lsun/security/x509/Extension; @ 44
Event: 2741.886 Thread 0x000001d236993000 Uncommon trap: reason=unhandled action=none pc=0x000001d220b7d2d0 method=javax.crypto.Cipher.checkCipherState()V @ 23
Event: 2741.914 Thread 0x000001d236993000 Uncommon trap: reason=unhandled action=none pc=0x000001d220b02b90 method=javax.crypto.Cipher.checkCipherState()V @ 23

Classes redefined (9 events):
Event: 1828.301 Thread 0x000001d234888000 redefined class name=betfair.dao.HistoricoCorridas, count=1
Event: 2116.645 Thread 0x000001d234888000 redefined class name=betfair.dao.HistoricoCorridas, count=2
Event: 2134.264 Thread 0x000001d234888000 redefined class name=betfair.dao.HistoricoCorridas, count=3
Event: 2469.843 Thread 0x000001d234888000 redefined class name=betfair.dao.HistoricoCorridas, count=4
Event: 2475.397 Thread 0x000001d234888000 redefined class name=betfair.dao.HistoricoCorridas, count=5
Event: 2537.113 Thread 0x000001d234888000 redefined class name=betfair.dao.HistoricoCorridas, count=6
Event: 2585.475 Thread 0x000001d234888000 redefined class name=betfair.dao.HistoricoCorridas, count=7
Event: 2631.877 Thread 0x000001d234888000 redefined class name=betfair.dao.HistoricoCorridas, count=8
Event: 2652.554 Thread 0x000001d234888000 redefined class name=betfair.dao.HistoricoCorridas, count=9

Internal exceptions (10 events):
Event: 2741.878 Thread 0x000001d236993000 Exception <a 'java/io/FileNotFoundException'> (0x00000000d6001e48) thrown at [C:\jenkins\workspace\8-2-build-windows-amd64-cygwin\jdk8u271\605\hotspot\src\share\vm\prims\jni.cpp, line 710]
Event: 2741.878 Thread 0x000001d236993000 Exception <a 'java/io/FileNotFoundException'> (0x00000000d6002a08) thrown at [C:\jenkins\workspace\8-2-build-windows-amd64-cygwin\jdk8u271\605\hotspot\src\share\vm\prims\jni.cpp, line 710]
Event: 2741.878 Thread 0x000001d236993000 Exception <a 'java/io/FileNotFoundException'> (0x00000000d60035c8) thrown at [C:\jenkins\workspace\8-2-build-windows-amd64-cygwin\jdk8u271\605\hotspot\src\share\vm\prims\jni.cpp, line 710]
Event: 2741.879 Thread 0x000001d236993000 Exception <a 'java/io/FileNotFoundException'> (0x00000000d6004188) thrown at [C:\jenkins\workspace\8-2-build-windows-amd64-cygwin\jdk8u271\605\hotspot\src\share\vm\prims\jni.cpp, line 710]
Event: 2741.879 Thread 0x000001d236993000 Exception <a 'java/io/FileNotFoundException'> (0x00000000d6004d48) thrown at [C:\jenkins\workspace\8-2-build-windows-amd64-cygwin\jdk8u271\605\hotspot\src\share\vm\prims\jni.cpp, line 710]
Event: 2741.880 Thread 0x000001d236993000 Exception <a 'java/io/FileNotFoundException'> (0x00000000d6005908) thrown at [C:\jenkins\workspace\8-2-build-windows-amd64-cygwin\jdk8u271\605\hotspot\src\share\vm\prims\jni.cpp, line 710]
Event: 2741.880 Thread 0x000001d236993000 Exception <a 'java/io/FileNotFoundException'> (0x00000000d60064c8) thrown at [C:\jenkins\workspace\8-2-build-windows-amd64-cygwin\jdk8u271\605\hotspot\src\share\vm\prims\jni.cpp, line 710]
Event: 2741.880 Thread 0x000001d236993000 Exception <a 'java/io/FileNotFoundException'> (0x00000000d6007088) thrown at [C:\jenkins\workspace\8-2-build-windows-amd64-cygwin\jdk8u271\605\hotspot\src\share\vm\prims\jni.cpp, line 710]
Event: 2741.881 Thread 0x000001d236993000 Exception <a 'java/io/FileNotFoundException'> (0x00000000d6007c48) thrown at [C:\jenkins\workspace\8-2-build-windows-amd64-cygwin\jdk8u271\605\hotspot\src\share\vm\prims\jni.cpp, line 710]
Event: 2741.881 Thread 0x000001d236993000 Exception <a 'java/io/FileNotFoundException'> (0x00000000d6008808) thrown at [C:\jenkins\workspace\8-2-build-windows-amd64-cygwin\jdk8u271\605\hotspot\src\share\vm\prims\jni.cpp, line 710]

Events (10 events):
Event: 2741.873 Thread 0x000001d236993000 DEOPT PACKING pc=0x000001d220be2d30 sp=0x00000014aeefddd0
Event: 2741.873 Thread 0x000001d236993000 DEOPT UNPACKING pc=0x000001d2200c7898 sp=0x00000014aeefdaa0 mode 1
Event: 2741.874 Thread 0x000001d235ede800 flushing nmethod 0x000001d220541950
Event: 2741.877 Thread 0x000001d235ee1000 flushing nmethod 0x000001d220697350
Event: 2741.886 Thread 0x000001d236993000 Uncommon trap: trap_request=0xffffffa7 fr.pc=0x000001d220b7d2d0
Event: 2741.886 Thread 0x000001d236993000 DEOPT PACKING pc=0x000001d220b7d2d0 sp=0x00000014aeefe060
Event: 2741.886 Thread 0x000001d236993000 DEOPT UNPACKING pc=0x000001d2200c5843 sp=0x00000014aeefdfa8 mode 2
Event: 2741.914 Thread 0x000001d236993000 Uncommon trap: trap_request=0xffffffa7 fr.pc=0x000001d220b02b90
Event: 2741.914 Thread 0x000001d236993000 DEOPT PACKING pc=0x000001d220b02b90 sp=0x00000014aeefe250
Event: 2741.914 Thread 0x000001d236993000 DEOPT UNPACKING pc=0x000001d2200c5843 sp=0x00000014aeefe198 mode 2


Dynamic libraries:
0x00007ff6163a0000 - 0x00007ff6163e7000 	C:\Program Files\Java\jre1.8.0_271\bin\javaw.exe
0x00007ff8efa80000 - 0x00007ff8efc70000 	C:\WINDOWS\SYSTEM32\ntdll.dll
0x00007ff8eedb0000 - 0x00007ff8eee62000 	C:\WINDOWS\System32\KERNEL32.DLL
0x00007ff8ed880000 - 0x00007ff8edb25000 	C:\WINDOWS\System32\KERNELBASE.dll
0x0000000069a40000 - 0x0000000069ae6000 	C:\WINDOWS\System32\SYSFER.DLL
0x0000000069320000 - 0x000000006964b000 	C:\ProgramData\Symantec\Symantec Endpoint Protection\14.3.1169.0100.105\Data\Definitions\IPSDefs\20210813.061\IPSEng64.dll
0x00007ff8ef740000 - 0x00007ff8ef7e3000 	C:\WINDOWS\System32\ADVAPI32.dll
0x00007ff8ef6a0000 - 0x00007ff8ef73e000 	C:\WINDOWS\System32\msvcrt.dll
0x00007ff8eeaa0000 - 0x00007ff8eeb37000 	C:\WINDOWS\System32\sechost.dll
0x00007ff8ee030000 - 0x00007ff8ee150000 	C:\WINDOWS\System32\RPCRT4.dll
0x00007ff8eee70000 - 0x00007ff8eee78000 	C:\WINDOWS\System32\PSAPI.DLL
0x00007ff8ef8a0000 - 0x00007ff8efa34000 	C:\WINDOWS\System32\USER32.dll
0x00007ff8ed670000 - 0x00007ff8ed691000 	C:\WINDOWS\System32\win32u.dll
0x00007ff8eddf0000 - 0x00007ff8ede16000 	C:\WINDOWS\System32\GDI32.dll
0x00007ff8ed1d0000 - 0x00007ff8ed366000 	C:\WINDOWS\System32\gdi32full.dll
0x00007ff8ed4c0000 - 0x00007ff8ed55e000 	C:\WINDOWS\System32\msvcp_win.dll
0x00007ff8ed3c0000 - 0x00007ff8ed4ba000 	C:\WINDOWS\System32\ucrtbase.dll
0x00007ff8dee50000 - 0x00007ff8df0d4000 	C:\WINDOWS\WinSxS\amd64_microsoft.windows.common-controls_6595b64144ccf1df_6.0.18362.1256_none_9e7e379be45e40e2\COMCTL32.dll
0x00007ff8eeef0000 - 0x00007ff8ef226000 	C:\WINDOWS\System32\combase.dll
0x00007ff8ed7f0000 - 0x00007ff8ed871000 	C:\WINDOWS\System32\bcryptPrimitives.dll
0x00007ff8eeba0000 - 0x00007ff8eebce000 	C:\WINDOWS\System32\IMM32.DLL
0x00007ff8db020000 - 0x00007ff8db035000 	C:\Program Files\Java\jre1.8.0_271\bin\vcruntime140.dll
0x00007ff8daf80000 - 0x00007ff8db01b000 	C:\Program Files\Java\jre1.8.0_271\bin\msvcp140.dll
0x00000000675e0000 - 0x0000000067e4f000 	C:\Program Files\Java\jre1.8.0_271\bin\server\jvm.dll
0x00007ff8e9020000 - 0x00007ff8e9029000 	C:\WINDOWS\SYSTEM32\WSOCK32.dll
0x00007ff8eed40000 - 0x00007ff8eedaf000 	C:\WINDOWS\System32\WS2_32.dll
0x00007ff8eabc0000 - 0x00007ff8eabe4000 	C:\WINDOWS\SYSTEM32\WINMM.dll
0x00007ff8e62f0000 - 0x00007ff8e62fa000 	C:\WINDOWS\SYSTEM32\VERSION.dll
0x00007ff8eaa30000 - 0x00007ff8eaa5d000 	C:\WINDOWS\SYSTEM32\WINMMBASE.dll
0x00007ff8ed180000 - 0x00007ff8ed1ca000 	C:\WINDOWS\System32\cfgmgr32.dll
0x00007ff8ec980000 - 0x00007ff8ec991000 	C:\WINDOWS\System32\kernel.appcore.dll
0x00007ff8b0d90000 - 0x00007ff8b0da0000 	C:\Program Files\Java\jre1.8.0_271\bin\verify.dll
0x00007ff8ac090000 - 0x00007ff8ac0bb000 	C:\Program Files\Java\jre1.8.0_271\bin\java.dll
0x00007ff8daf40000 - 0x00007ff8daf76000 	C:\Program Files\Java\jre1.8.0_271\bin\jdwp.dll
0x00007ff8daf30000 - 0x00007ff8daf39000 	C:\Program Files\Java\jre1.8.0_271\bin\npt.dll
0x00007ff8c58e0000 - 0x00007ff8c5910000 	C:\Program Files\Java\jre1.8.0_271\bin\instrument.dll
0x00007ff8b0190000 - 0x00007ff8b01a8000 	C:\Program Files\Java\jre1.8.0_271\bin\zip.dll
0x00007ff8ee3b0000 - 0x00007ff8eea97000 	C:\WINDOWS\System32\SHELL32.dll
0x00007ff8ef7f0000 - 0x00007ff8ef899000 	C:\WINDOWS\System32\shcore.dll
0x00007ff8ec9f0000 - 0x00007ff8ed171000 	C:\WINDOWS\System32\windows.storage.dll
0x00007ff8ec950000 - 0x00007ff8ec973000 	C:\WINDOWS\System32\profapi.dll
0x00007ff8ec9a0000 - 0x00007ff8ec9ea000 	C:\WINDOWS\System32\powrprof.dll
0x00007ff8ec920000 - 0x00007ff8ec930000 	C:\WINDOWS\System32\UMPDC.dll
0x00007ff8edd10000 - 0x00007ff8edd62000 	C:\WINDOWS\System32\shlwapi.dll
0x00007ff8ed3a0000 - 0x00007ff8ed3b7000 	C:\WINDOWS\System32\cryptsp.dll
0x00007ff8c49c0000 - 0x00007ff8c49ca000 	C:\Program Files\Java\jre1.8.0_271\bin\dt_socket.dll
0x00007ff8df1b0000 - 0x00007ff8df1c6000 	C:\WINDOWS\system32\napinsp.dll
0x00007ff8c7320000 - 0x00007ff8c733a000 	C:\WINDOWS\system32\pnrpnsp.dll
0x00007ff8ec110000 - 0x00007ff8ec177000 	C:\WINDOWS\System32\mswsock.dll
0x00007ff8ebe60000 - 0x00007ff8ebf2b000 	C:\WINDOWS\SYSTEM32\DNSAPI.dll
0x00007ff8eed30000 - 0x00007ff8eed38000 	C:\WINDOWS\System32\NSI.dll
0x00007ff8ebe20000 - 0x00007ff8ebe5a000 	C:\WINDOWS\SYSTEM32\IPHLPAPI.DLL
0x00007ff8df1a0000 - 0x00007ff8df1ae000 	C:\WINDOWS\System32\winrnr.dll
0x00007ff8e9150000 - 0x00007ff8e916c000 	C:\WINDOWS\system32\NLAapi.dll
0x00007ff8c72d0000 - 0x00007ff8c72e5000 	C:\WINDOWS\system32\wshbth.dll
0x00007ff8e6a50000 - 0x00007ff8e6ac7000 	C:\WINDOWS\System32\fwpuclnt.dll
0x00007ff8ed370000 - 0x00007ff8ed396000 	C:\WINDOWS\System32\bcrypt.dll
0x00007ff8dfd40000 - 0x00007ff8dfd4a000 	C:\Windows\System32\rasadhlp.dll
0x00007ff8ab3f0000 - 0x00007ff8ab414000 	C:\Program Files\Java\jre1.8.0_271\bin\sunec.dll
0x00007ff8ac070000 - 0x00007ff8ac08c000 	C:\Program Files\Java\jre1.8.0_271\bin\net.dll
0x00007ff8e7200000 - 0x00007ff8e7216000 	C:\WINDOWS\SYSTEM32\dhcpcsvc6.DLL
0x00007ff8e70e0000 - 0x00007ff8e70fc000 	C:\WINDOWS\SYSTEM32\dhcpcsvc.DLL
0x00007ff8ab530000 - 0x00007ff8ab543000 	C:\Program Files\Java\jre1.8.0_271\bin\nio.dll
0x00007ff8ebc80000 - 0x00007ff8ebcb3000 	C:\WINDOWS\system32\rsaenh.dll
0x00007ff8ec840000 - 0x00007ff8ec865000 	C:\WINDOWS\SYSTEM32\USERENV.dll
0x00007ff8ec2e0000 - 0x00007ff8ec2ec000 	C:\WINDOWS\SYSTEM32\CRYPTBASE.dll
0x00007ff8db080000 - 0x00007ff8db08d000 	C:\Program Files\Java\jre1.8.0_271\bin\sunmscapi.dll
0x00007ff8ed6a0000 - 0x00007ff8ed7e9000 	C:\WINDOWS\System32\CRYPT32.dll
0x00007ff8ec930000 - 0x00007ff8ec942000 	C:\WINDOWS\System32\MSASN1.dll
0x00007ff8ec3e0000 - 0x00007ff8ec406000 	C:\WINDOWS\SYSTEM32\ncrypt.dll
0x00007ff8ec3a0000 - 0x00007ff8ec3db000 	C:\WINDOWS\SYSTEM32\NTASN1.dll
0x00007ff8c49b0000 - 0x00007ff8c49bd000 	C:\Program Files\Java\jre1.8.0_271\bin\management.dll
0x00007ff8d4bb0000 - 0x00007ff8d4da4000 	C:\WINDOWS\SYSTEM32\dbghelp.dll

VM Arguments:
jvm_args: -agentlib:jdwp=transport=dt_socket,suspend=y,address=localhost:55270 -javaagent:C:\eclipse-WAS\configuration\org.eclipse.osgi\221\0\.cp\lib\javaagent-shaded.jar -Dfile.encoding=UTF-8 
java_command: com.betfair.aping.InicioJob
java_class_path (initial): C:\eclipse-WAS\workspaceHome\JobBetfair\target\classes;C:\eclipse-WAS\workspaceHome\JobBetfair\src\lib\postgresql-42.2.14.jar;C:\Users\alisson.oliveira\Downloads\mongo-java-driver-3.12.7.jar;C:\Users\alisson.oliveira\.m2\repository\com\google\code\gson\gson\2.2.4\gson-2.2.4.jar;C:\Users\alisson.oliveira\.m2\repository\org\apache\httpcomponents\httpclient\4.3.4\httpclient-4.3.4.jar;C:\Users\alisson.oliveira\.m2\repository\org\apache\httpcomponents\httpcore\4.3.2\httpcore-4.3.2.jar;C:\Users\alisson.oliveira\.m2\repository\commons-logging\commons-logging\1.1.3\commons-logging-1.1.3.jar;C:\Users\alisson.oliveira\.m2\repository\commons-codec\commons-codec\1.6\commons-codec-1.6.jar;C:\Users\alisson.oliveira\.m2\repository\com\sun\jersey\jersey-client\1.18.1\jersey-client-1.18.1.jar;C:\Users\alisson.oliveira\.m2\repository\com\sun\jersey\jersey-core\1.18.1\jersey-core-1.18.1.jar;C:\Users\alisson.oliveira\.m2\repository\com\fasterxml\jackson\core\jackson-annotations\2.9.6\jackson-annotations-2.9.6.jar;C:\Users\alisson.oliveira\.m2\repository\com\fasterxml\jackson\core\jackson-databind\2.9.8\jackson-databind-2.9.8.jar;C:\Users\alisson.oliveira\.m2\repository\com\fasterxml\jackson\core\jackson-core\2.9.8\jackson-core-2.9.8.jar;C:\Users\alisson.oliveira\.m2\repository\org\slf4j\slf4j-api\1.8.0-beta1\slf4j-api-1.8.0-beta1.jar;C:\Users\alisson.oliveira\.m2\repository\javax\ws\rs\javax.ws.rs-api\2.1-m09\javax.ws.rs-api-2.1-m09.jar;C:\eclipse-WAS\configuration\org.eclipse.osgi\221\0\.cp\lib\javaagent-shaded.jar
Launcher Type: SUN_STANDARD

Environment Variables:
JAVA_HOME=C:\Program Files\Java\jdk1.8.0_211
CLASSPATH=C:\Program Files\Java\jdk1.8.0_211\lib\tools.jar
PATH=C:/Program Files/Java/jre1.8.0_271/bin/server;C:/Program Files/Java/jre1.8.0_271/bin;C:/Program Files/Java/jre1.8.0_271/lib/amd64;C:\Program Files (x86)\Common Files\Oracle\Java\javapath;C:\WINDOWS\system32;C:\WINDOWS;C:\WINDOWS\System32\Wbem;C:\WINDOWS\System32\WindowsPowerShell\v1.0\;C:\WINDOWS\System32\OpenSSH\;C:\Program Files\ibm\gsk8\lib64;C:\Program Files (x86)\ibm\gsk8\lib;C:\PROGRA~1\IBM\SQLLIB\BIN;C:\PROGRA~1\IBM\SQLLIB\FUNCTION;C:\PROGRA~1\IBM\SQLLIB\SAMPLES\REPL;c:\Program Files (x86)\Microsoft SQL Server\100\Tools\Binn\VSShell\Common7\IDE\;c:\Program Files (x86)\Microsoft SQL Server\100\Tools\Binn\;c:\Program Files\Microsoft SQL Server\100\Tools\Binn\;c:\Program Files (x86)\Microsoft SQL Server\100\DTS\Binn\;C:\Program Files\Java\jdk1.8.0_211\bin;C:\Program Files\Git\cmd;C:\Program Files\TortoiseSVN\bin;C:\apache-maven-3.0.4\bin;C:\Program Files\dotnet\;C:\Program Files\Microsoft SQL Server\130\Tools\Binn\;C:\Program Files\Microsoft SQL Server\Client SDK\ODBC\170\Tools\Binn\;C:\Program Files\nodejs\;C:\Program Files (x86)\Yarn\bin\;C:\Program Files\PuTTY\;C:\PHP;C:\ProgramData\ComposerSetup\bin;C:\Program Files\MySQL\MySQL Server 8.0\bin;C:\Users\alisson.oliveira\AppData\Local\Programs\Python\Python38-32\Scripts\;C:\Users\alisson.oliveira\AppData\Local\Programs\Python\Python38-32\;C:\Users\alisson.oliveira\AppData\Local\Microsoft\WindowsApps;;C:\Users\alisson.oliveira\AppData\Local\Programs\Microsoft VS Code\bin;C:\Users\alisson.oliveira\AppData\Roaming\npm;C:\Program Files\JetBrains\IntelliJ IDEA Educational Edition 2019.3.3\bin;;C:\Program Files\JetBrains\IntelliJ IDEA 2019.3.4\bin;;C:\Users\alisson.oliveira\AppData\Local\Yarn\bin;C:\Program Files\heroku\bin;C:\Users\alisson.oliveira\AppData\Roaming\Composer\vendor\bin;C:\eclipse-WAS;
USERNAME=Alisson.Oliveira
OS=Windows_NT
PROCESSOR_IDENTIFIER=Intel64 Family 6 Model 94 Stepping 3, GenuineIntel



---------------  S Y S T E M  ---------------

OS: Windows 10.0 , 64 bit Build 18362 (10.0.18362.1110)

CPU:total 4 (initial active 4) (4 cores per cpu, 1 threads per core) family 6 model 94 stepping 3, cmov, cx8, fxsr, mmx, sse, sse2, sse3, ssse3, sse4.1, sse4.2, popcnt, avx, avx2, aes, clmul, erms, rtm, 3dnowpref, lzcnt, tsc, tscinvbit, bmi1, bmi2, adx

Memory: 4k page, physical 8287408k(1598684k free), swap 20870320k(10278476k free)

vm_info: Java HotSpot(TM) 64-Bit Server VM (25.271-b09) for windows-amd64 JRE (1.8.0_271-b09), built on Sep 16 2020 19:14:59 by "" with MS VC++ 15.9 (VS2017)

time: Sun Aug 15 15:26:26 2021
timezone: Hora oficial do Brasil
elapsed time: 2742.145371 seconds (0d 0h 45m 42s)

